{"total": {"lines":{"total":255,"covered":129,"skipped":0,"pct":50.58},"statements":{"total":264,"covered":136,"skipped":0,"pct":51.51},"functions":{"total":36,"covered":23,"skipped":0,"pct":63.88},"branches":{"total":62,"covered":29,"skipped":0,"pct":46.77},"branchesTrue":{"total":0,"covered":0,"skipped":0,"pct":"Unknown"}}
,"/home/anja/Desktop/461/ACME-Project/src/CalculateMetrics.ts": {"lines":{"total":50,"covered":46,"skipped":0,"pct":92},"functions":{"total":15,"covered":15,"skipped":0,"pct":100},"statements":{"total":55,"covered":51,"skipped":0,"pct":92.72},"branches":{"total":6,"covered":2,"skipped":0,"pct":33.33}}
,"/home/anja/Desktop/461/ACME-Project/src/GitHubAPIcaller.ts": {"lines":{"total":79,"covered":35,"skipped":0,"pct":44.3},"functions":{"total":11,"covered":3,"skipped":0,"pct":27.27},"statements":{"total":79,"covered":35,"skipped":0,"pct":44.3},"branches":{"total":19,"covered":6,"skipped":0,"pct":31.57}}
,"/home/anja/Desktop/461/ACME-Project/src/License.ts": {"lines":{"total":45,"covered":39,"skipped":0,"pct":86.66},"functions":{"total":4,"covered":4,"skipped":0,"pct":100},"statements":{"total":47,"covered":41,"skipped":0,"pct":87.23},"branches":{"total":23,"covered":19,"skipped":0,"pct":82.6}}
,"/home/anja/Desktop/461/ACME-Project/src/logger.ts": {"lines":{"total":9,"covered":9,"skipped":0,"pct":100},"functions":{"total":1,"covered":1,"skipped":0,"pct":100},"statements":{"total":9,"covered":9,"skipped":0,"pct":100},"branches":{"total":2,"covered":2,"skipped":0,"pct":100}}
,"/home/anja/Desktop/461/ACME-Project/src/main.ts": {"lines":{"total":72,"covered":0,"skipped":0,"pct":0},"functions":{"total":5,"covered":0,"skipped":0,"pct":0},"statements":{"total":74,"covered":0,"skipped":0,"pct":0},"branches":{"total":12,"covered":0,"skipped":0,"pct":0}}
}
