{"total": {"lines":{"total":217,"covered":199,"skipped":0,"pct":91.7},"statements":{"total":226,"covered":208,"skipped":0,"pct":92.03},"functions":{"total":29,"covered":29,"skipped":0,"pct":100},"branches":{"total":54,"covered":38,"skipped":0,"pct":70.37},"branchesTrue":{"total":0,"covered":0,"skipped":0,"pct":"Unknown"}}
,"/home/anja/Desktop/461/ACME-Project/src/CalculateMetrics.ts": {"lines":{"total":50,"covered":46,"skipped":0,"pct":92},"functions":{"total":15,"covered":15,"skipped":0,"pct":100},"statements":{"total":55,"covered":51,"skipped":0,"pct":92.72},"branches":{"total":6,"covered":2,"skipped":0,"pct":33.33}}
,"/home/anja/Desktop/461/ACME-Project/src/GitHubAPIcaller.ts": {"lines":{"total":42,"covered":37,"skipped":0,"pct":88.09},"functions":{"total":4,"covered":4,"skipped":0,"pct":100},"statements":{"total":42,"covered":37,"skipped":0,"pct":88.09},"branches":{"total":11,"covered":6,"skipped":0,"pct":54.54}}
,"/home/anja/Desktop/461/ACME-Project/src/License.ts": {"lines":{"total":45,"covered":39,"skipped":0,"pct":86.66},"functions":{"total":4,"covered":4,"skipped":0,"pct":100},"statements":{"total":47,"covered":41,"skipped":0,"pct":87.23},"branches":{"total":23,"covered":19,"skipped":0,"pct":82.6}}
,"/home/anja/Desktop/461/ACME-Project/src/logger.ts": {"lines":{"total":9,"covered":9,"skipped":0,"pct":100},"functions":{"total":1,"covered":1,"skipped":0,"pct":100},"statements":{"total":9,"covered":9,"skipped":0,"pct":100},"branches":{"total":2,"covered":2,"skipped":0,"pct":100}}
,"/home/anja/Desktop/461/ACME-Project/src/main.ts": {"lines":{"total":71,"covered":68,"skipped":0,"pct":95.77},"functions":{"total":5,"covered":5,"skipped":0,"pct":100},"statements":{"total":73,"covered":70,"skipped":0,"pct":95.89},"branches":{"total":12,"covered":9,"skipped":0,"pct":75}}
}
