TN:
SF:src/CalculateMetrics.ts
FN:5,calculateBusFactorScore
FN:8,(anonymous_1)
FN:12,(anonymous_2)
FN:22,(anonymous_3)
FN:31,calculateCorrectness
FN:45,calculateRampUpScore
FN:48,(anonymous_6)
FN:49,(anonymous_7)
FN:50,(anonymous_8)
FN:54,(anonymous_9)
FN:70,(anonymous_10)
FN:84,calculateResponsiveMaintainerScore
FN:91,(anonymous_12)
FN:100,(anonymous_13)
FN:113,calculateNetScore
FNF:15
FNH:15
FNDA:2,calculateBusFactorScore
FNDA:12,(anonymous_1)
FNDA:12,(anonymous_2)
FNDA:12,(anonymous_3)
FNDA:2,calculateCorrectness
FNDA:2,calculateRampUpScore
FNDA:12,(anonymous_6)
FNDA:54,(anonymous_7)
FNDA:56,(anonymous_8)
FNDA:12,(anonymous_9)
FNDA:5,(anonymous_10)
FNDA:2,calculateResponsiveMaintainerScore
FNDA:52,(anonymous_12)
FNDA:10,(anonymous_13)
FNDA:2,calculateNetScore
DA:5,3
DA:7,2
DA:8,12
DA:12,12
DA:15,2
DA:18,2
DA:21,2
DA:22,12
DA:25,2
DA:28,2
DA:31,3
DA:32,2
DA:33,2
DA:35,2
DA:36,0
DA:39,2
DA:42,2
DA:45,3
DA:47,2
DA:49,12
DA:50,56
DA:52,12
DA:54,12
DA:58,2
DA:59,0
DA:63,2
DA:64,2
DA:65,5
DA:66,5
DA:70,5
DA:73,2
DA:74,0
DA:78,2
DA:81,2
DA:84,3
DA:86,2
DA:87,2
DA:88,2
DA:91,2
DA:92,52
DA:93,52
DA:97,2
DA:100,10
DA:103,2
DA:104,0
DA:107,2
DA:110,2
DA:113,3
DA:115,2
DA:119,2
LF:50
LH:46
BRDA:35,0,0,0
BRDA:52,1,0,7
BRDA:52,1,1,5
BRDA:58,2,0,0
BRDA:73,3,0,0
BRDA:103,4,0,0
BRF:6
BRH:2
end_of_record
TN:
SF:src/GitHubAPIcaller.ts
FN:78,fetchRepositoryInfo
FN:112,fetchRepositoryIssues
FN:151,fetchRepositoryUsers
FN:205,getNpmPackageGithubRepo
FNF:4
FNH:3
FNDA:0,fetchRepositoryInfo
FNDA:1,fetchRepositoryIssues
FNDA:1,fetchRepositoryUsers
FNDA:3,getNpmPackageGithubRepo
DA:1,2
DA:2,2
DA:5,2
DA:6,2
DA:9,2
DA:78,2
DA:79,0
DA:93,0
DA:102,0
DA:103,0
DA:106,0
DA:108,0
DA:112,2
DA:113,1
DA:132,1
DA:141,1
DA:142,0
DA:145,1
DA:147,1
DA:151,2
DA:152,1
DA:181,1
DA:190,1
DA:191,0
DA:194,1
DA:196,1
DA:205,2
DA:206,3
DA:207,3
DA:208,2
DA:210,2
DA:211,2
DA:213,2
DA:214,0
DA:215,2
DA:216,0
DA:218,2
DA:221,2
DA:222,1
DA:226,1
DA:228,1
DA:229,1
LF:42
LH:32
BRDA:102,0,0,0
BRDA:141,1,0,0
BRDA:190,2,0,0
BRDA:210,3,0,2
BRDA:210,4,0,2
BRDA:210,4,1,2
BRDA:213,5,0,0
BRDA:213,5,1,2
BRDA:215,6,0,0
BRDA:215,6,1,2
BRDA:221,7,0,1
BRF:11
BRH:6
end_of_record
TN:
SF:src/License.ts
FN:10,getLicense
FN:31,(anonymous_16)
FN:40,(anonymous_17)
FN:71,identifyLicenseType
FNF:4
FNH:4
FNDA:4,getLicense
FNDA:3,(anonymous_16)
FNDA:1,(anonymous_17)
FNDA:3,identifyLicenseType
DA:1,2
DA:2,2
DA:3,2
DA:4,2
DA:5,2
DA:8,2
DA:10,2
DA:11,4
DA:13,4
DA:15,4
DA:16,4
DA:18,4
DA:20,4
DA:30,4
DA:31,4
DA:32,4
DA:33,4
DA:35,4
DA:37,2
DA:38,2
DA:40,2
DA:41,2
DA:43,1
DA:45,1
DA:46,1
DA:47,1
DA:53,4
DA:56,4
DA:57,2
DA:58,2
DA:59,1
DA:61,1
DA:65,0
DA:66,0
DA:72,3
DA:73,2
DA:74,1
DA:75,0
DA:76,1
DA:77,0
DA:78,1
DA:79,0
DA:80,1
DA:81,0
DA:83,1
LF:45
LH:39
BRDA:15,0,0,4
BRDA:35,1,0,2
BRDA:35,1,1,2
BRDA:41,2,0,1
BRDA:45,3,0,1
BRDA:56,4,0,2
BRDA:56,4,1,2
BRDA:56,5,0,4
BRDA:56,5,1,2
BRDA:58,6,0,1
BRDA:58,6,1,1
BRDA:58,7,0,2
BRDA:58,7,1,1
BRDA:72,8,0,2
BRDA:72,8,1,1
BRDA:74,9,0,0
BRDA:74,9,1,1
BRDA:76,10,0,0
BRDA:76,10,1,1
BRDA:78,11,0,0
BRDA:78,11,1,1
BRDA:80,12,0,0
BRDA:80,12,1,1
BRF:23
BRH:19
end_of_record
TN:
SF:src/logger.ts
FN:22,(anonymous_6)
FNF:1
FNH:1
FNDA:4,(anonymous_6)
DA:1,2
DA:2,2
DA:3,2
DA:6,2
DA:9,2
DA:11,2
DA:18,2
DA:23,4
DA:31,2
LF:9
LH:9
BRDA:6,0,0,2
BRDA:6,0,1,2
BRF:2
BRH:2
end_of_record
TN:
SF:src/main.ts
FN:32,(anonymous_14)
FN:33,(anonymous_15)
FN:50,processPackageData
FN:67,(anonymous_18)
FN:67,(anonymous_19)
FNF:5
FNH:4
FNDA:2,(anonymous_14)
FNDA:2,(anonymous_15)
FNDA:0,processPackageData
FNDA:1,(anonymous_18)
FNDA:1,(anonymous_19)
DA:3,2
DA:6,2
DA:8,2
DA:9,2
DA:12,2
DA:13,1
DA:14,1
DA:18,1
DA:21,1
DA:23,1
DA:24,1
DA:27,1
DA:30,1
DA:32,2
DA:33,2
DA:36,1
DA:41,1
DA:47,1
DA:50,2
DA:51,0
DA:53,0
DA:55,0
DA:57,0
DA:60,0
DA:64,1
DA:65,1
DA:67,1
DA:68,1
DA:71,1
DA:76,1
DA:77,1
DA:79,1
DA:80,1
DA:81,1
DA:84,0
DA:86,0
DA:87,0
DA:89,0
DA:91,0
DA:92,0
DA:95,0
DA:105,1
DA:108,1
DA:109,1
DA:110,1
DA:111,1
DA:114,1
DA:115,0
DA:116,0
DA:120,0
DA:121,0
DA:122,0
DA:123,0
DA:126,0
DA:127,0
DA:128,0
DA:129,0
DA:132,0
DA:133,0
DA:134,0
DA:135,0
DA:138,0
DA:139,0
DA:140,0
DA:141,0
DA:144,0
DA:146,0
DA:148,0
DA:151,0
DA:153,0
DA:155,0
DA:159,1
LF:72
LH:36
BRDA:12,0,0,1
BRDA:12,0,1,1
BRDA:12,1,0,2
BRDA:12,1,1,1
BRDA:24,2,0,0
BRDA:24,2,1,1
BRDA:53,3,0,0
BRDA:53,3,1,0
BRDA:79,4,0,1
BRDA:79,4,1,0
BRDA:84,5,0,0
BRDA:84,5,1,0
BRF:12
BRH:6
end_of_record
