TN:
SF:src/CalculateMetrics.ts
FN:6,calculateBusFactorScore
FN:9,(anonymous_1)
FN:13,(anonymous_2)
FN:23,(anonymous_3)
FN:32,calculateCorrectness
FN:46,calculateRampUpScore
FN:49,(anonymous_6)
FN:50,(anonymous_7)
FN:51,(anonymous_8)
FN:55,(anonymous_9)
FN:71,(anonymous_10)
FN:85,calculateResponsiveMaintainerScore
FN:92,(anonymous_12)
FN:101,(anonymous_13)
FN:114,calculateNetScore
FNF:15
FNH:15
FNDA:2,calculateBusFactorScore
FNDA:12,(anonymous_1)
FNDA:12,(anonymous_2)
FNDA:12,(anonymous_3)
FNDA:2,calculateCorrectness
FNDA:2,calculateRampUpScore
FNDA:12,(anonymous_6)
FNDA:54,(anonymous_7)
FNDA:56,(anonymous_8)
FNDA:12,(anonymous_9)
FNDA:5,(anonymous_10)
FNDA:2,calculateResponsiveMaintainerScore
FNDA:52,(anonymous_12)
FNDA:10,(anonymous_13)
FNDA:2,calculateNetScore
DA:6,2
DA:8,2
DA:9,12
DA:13,12
DA:16,2
DA:19,2
DA:22,2
DA:23,12
DA:26,2
DA:29,2
DA:32,2
DA:33,2
DA:34,2
DA:36,2
DA:37,0
DA:40,2
DA:43,2
DA:46,2
DA:48,2
DA:50,12
DA:51,56
DA:53,12
DA:55,12
DA:59,2
DA:60,0
DA:64,2
DA:65,2
DA:66,5
DA:67,5
DA:71,5
DA:74,2
DA:75,0
DA:79,2
DA:82,2
DA:85,2
DA:87,2
DA:88,2
DA:89,2
DA:92,2
DA:93,52
DA:94,52
DA:98,2
DA:101,10
DA:104,2
DA:105,0
DA:108,2
DA:111,2
DA:114,2
DA:116,2
DA:120,2
LF:50
LH:46
BRDA:36,0,0,0
BRDA:53,1,0,7
BRDA:53,1,1,5
BRDA:59,2,0,0
BRDA:74,3,0,0
BRDA:104,4,0,0
BRF:6
BRH:2
end_of_record
TN:
SF:src/GitHubAPIcaller.ts
FN:78,fetchRepositoryInfo
FN:112,fetchRepositoryIssues
FN:151,fetchRepositoryUsers
FN:205,getNpmPackageGithubRepo
FN:239,printRepositoryInfo
FN:247,printRepositoryIssues
FN:252,(anonymous_24)
FN:267,printRepositoryUsers
FN:277,(anonymous_26)
FN:290,(anonymous_27)
FN:294,(anonymous_28)
FNF:11
FNH:3
FNDA:0,fetchRepositoryInfo
FNDA:1,fetchRepositoryIssues
FNDA:1,fetchRepositoryUsers
FNDA:3,getNpmPackageGithubRepo
FNDA:0,printRepositoryInfo
FNDA:0,printRepositoryIssues
FNDA:0,(anonymous_24)
FNDA:0,printRepositoryUsers
FNDA:0,(anonymous_26)
FNDA:0,(anonymous_27)
FNDA:0,(anonymous_28)
DA:1,2
DA:2,2
DA:5,2
DA:6,2
DA:9,2
DA:78,2
DA:79,0
DA:93,0
DA:102,0
DA:103,0
DA:106,0
DA:108,0
DA:112,2
DA:113,1
DA:132,1
DA:141,1
DA:142,0
DA:145,1
DA:147,1
DA:151,2
DA:152,1
DA:181,1
DA:190,1
DA:191,0
DA:194,1
DA:196,1
DA:205,2
DA:206,3
DA:207,3
DA:208,2
DA:210,2
DA:211,2
DA:213,2
DA:214,0
DA:215,2
DA:216,0
DA:218,2
DA:221,2
DA:222,1
DA:226,1
DA:228,1
DA:229,1
DA:239,2
DA:240,0
DA:241,0
DA:242,0
DA:243,0
DA:247,2
DA:248,0
DA:249,0
DA:252,0
DA:253,0
DA:254,0
DA:255,0
DA:256,0
DA:260,0
DA:263,0
DA:267,2
DA:268,0
DA:271,0
DA:272,0
DA:273,0
DA:277,0
DA:278,0
DA:279,0
DA:280,0
DA:283,0
DA:284,0
DA:285,0
DA:286,0
DA:289,0
DA:290,0
DA:291,0
DA:293,0
DA:294,0
DA:295,0
DA:296,0
DA:300,0
DA:305,0
LF:79
LH:35
BRDA:102,0,0,0
BRDA:141,1,0,0
BRDA:190,2,0,0
BRDA:210,3,0,2
BRDA:210,4,0,2
BRDA:210,4,1,2
BRDA:213,5,0,0
BRDA:213,5,1,2
BRDA:215,6,0,0
BRDA:215,6,1,2
BRDA:221,7,0,1
BRDA:256,8,0,0
BRDA:256,8,1,0
BRDA:271,9,0,0
BRDA:278,10,0,0
BRDA:289,11,0,0
BRDA:289,11,1,0
BRDA:293,12,0,0
BRDA:293,12,1,0
BRF:19
BRH:6
end_of_record
TN:
SF:src/License.ts
FN:10,getLicense
FN:31,(anonymous_16)
FN:40,(anonymous_17)
FN:71,identifyLicenseType
FNF:4
FNH:4
FNDA:4,getLicense
FNDA:3,(anonymous_16)
FNDA:1,(anonymous_17)
FNDA:3,identifyLicenseType
DA:1,1
DA:2,1
DA:3,1
DA:4,1
DA:5,1
DA:8,1
DA:10,1
DA:11,4
DA:13,4
DA:15,4
DA:16,4
DA:18,4
DA:20,4
DA:30,4
DA:31,4
DA:32,4
DA:33,4
DA:35,4
DA:37,2
DA:38,2
DA:40,2
DA:41,2
DA:43,1
DA:45,1
DA:46,1
DA:47,1
DA:53,4
DA:56,4
DA:57,2
DA:58,2
DA:59,1
DA:61,1
DA:65,0
DA:66,0
DA:72,3
DA:73,2
DA:74,1
DA:75,0
DA:76,1
DA:77,0
DA:78,1
DA:79,0
DA:80,1
DA:81,0
DA:83,1
LF:45
LH:39
BRDA:15,0,0,4
BRDA:35,1,0,2
BRDA:35,1,1,2
BRDA:41,2,0,1
BRDA:45,3,0,1
BRDA:56,4,0,2
BRDA:56,4,1,2
BRDA:56,5,0,4
BRDA:56,5,1,2
BRDA:58,6,0,1
BRDA:58,6,1,1
BRDA:58,7,0,2
BRDA:58,7,1,1
BRDA:72,8,0,2
BRDA:72,8,1,1
BRDA:74,9,0,0
BRDA:74,9,1,1
BRDA:76,10,0,0
BRDA:76,10,1,1
BRDA:78,11,0,0
BRDA:78,11,1,1
BRDA:80,12,0,0
BRDA:80,12,1,1
BRF:23
BRH:19
end_of_record
TN:
SF:src/logger.ts
FN:22,(anonymous_6)
FNF:1
FNH:1
FNDA:4,(anonymous_6)
DA:1,1
DA:2,1
DA:3,1
DA:6,1
DA:9,1
DA:11,1
DA:18,1
DA:23,4
DA:31,1
LF:9
LH:9
BRDA:6,0,0,1
BRDA:6,0,1,1
BRF:2
BRH:2
end_of_record
TN:
SF:src/main.ts
FN:32,(anonymous_14)
FN:33,(anonymous_15)
FN:69,processPackageData
FN:91,(anonymous_18)
FN:91,(anonymous_19)
FNF:5
FNH:0
FNDA:0,(anonymous_14)
FNDA:0,(anonymous_15)
FNDA:0,processPackageData
FNDA:0,(anonymous_18)
FNDA:0,(anonymous_19)
DA:3,0
DA:6,0
DA:8,0
DA:9,0
DA:12,0
DA:13,0
DA:14,0
DA:18,0
DA:21,0
DA:23,0
DA:24,0
DA:27,0
DA:30,0
DA:32,0
DA:33,0
DA:38,0
DA:43,0
DA:50,0
DA:69,0
DA:70,0
DA:72,0
DA:74,0
DA:76,0
DA:79,0
DA:83,0
DA:84,0
DA:91,0
DA:92,0
DA:95,0
DA:100,0
DA:101,0
DA:103,0
DA:104,0
DA:105,0
DA:108,0
DA:110,0
DA:111,0
DA:113,0
DA:115,0
DA:116,0
DA:119,0
DA:129,0
DA:132,0
DA:133,0
DA:134,0
DA:135,0
DA:138,0
DA:139,0
DA:140,0
DA:144,0
DA:145,0
DA:146,0
DA:147,0
DA:150,0
DA:151,0
DA:152,0
DA:153,0
DA:156,0
DA:157,0
DA:158,0
DA:159,0
DA:162,0
DA:163,0
DA:164,0
DA:165,0
DA:168,0
DA:170,0
DA:172,0
DA:192,0
DA:194,0
DA:196,0
DA:200,0
LF:72
LH:0
BRDA:12,0,0,0
BRDA:12,0,1,0
BRDA:12,1,0,0
BRDA:12,1,1,0
BRDA:24,2,0,0
BRDA:24,2,1,0
BRDA:72,3,0,0
BRDA:72,3,1,0
BRDA:103,4,0,0
BRDA:103,4,1,0
BRDA:108,5,0,0
BRDA:108,5,1,0
BRF:12
BRH:0
end_of_record
