{"numFailedTestSuites":0,"numFailedTests":0,"numPassedTestSuites":4,"numPassedTests":18,"numPendingTestSuites":0,"numPendingTests":0,"numRuntimeErrorTestSuites":0,"numTodoTests":0,"numTotalTestSuites":4,"numTotalTests":18,"openHandles":[],"snapshot":{"added":0,"didUpdate":false,"failure":false,"filesAdded":0,"filesRemoved":0,"filesRemovedList":[],"filesUnmatched":0,"filesUpdated":0,"matched":0,"total":0,"unchecked":0,"uncheckedKeysByFile":[],"unmatched":0,"updated":0},"startTime":1727059030629,"success":true,"testResults":[{"assertionResults":[{"ancestorTitles":["CalculateMetrics functions"],"duration":7,"failureDetails":[],"failureMessages":[],"fullName":"CalculateMetrics functions should calculate bus factor score correctly","invocations":1,"location":null,"numPassingAsserts":1,"retryReasons":[],"status":"passed","title":"should calculate bus factor score correctly"},{"ancestorTitles":["CalculateMetrics functions"],"duration":1,"failureDetails":[],"failureMessages":[],"fullName":"CalculateMetrics functions should calculate correctness score correctly","invocations":1,"location":null,"numPassingAsserts":1,"retryReasons":[],"status":"passed","title":"should calculate correctness score correctly"},{"ancestorTitles":["CalculateMetrics functions"],"duration":1,"failureDetails":[],"failureMessages":[],"fullName":"CalculateMetrics functions should calculate ramp-up score correctly","invocations":1,"location":null,"numPassingAsserts":2,"retryReasons":[],"status":"passed","title":"should calculate ramp-up score correctly"},{"ancestorTitles":["CalculateMetrics functions"],"duration":1,"failureDetails":[],"failureMessages":[],"fullName":"CalculateMetrics functions should calculate responsive maintainer score correctly","invocations":1,"location":null,"numPassingAsserts":1,"retryReasons":[],"status":"passed","title":"should calculate responsive maintainer score correctly"},{"ancestorTitles":["CalculateMetrics functions"],"duration":1,"failureDetails":[],"failureMessages":[],"fullName":"CalculateMetrics functions should calculate net score correctly","invocations":1,"location":null,"numPassingAsserts":1,"retryReasons":[],"status":"passed","title":"should calculate net score correctly"}],"endTime":1727059034012,"message":"","name":"/home/anja/Desktop/461/ACME-Project/__tests__/calculateMetrics.test.ts","startTime":1727059031040,"status":"passed","summary":""},{"assertionResults":[{"ancestorTitles":["GitHubAPIcaller tests"],"duration":7,"failureDetails":[],"failureMessages":[],"fullName":"GitHubAPIcaller tests should return GitHub repo URL for a valid package","invocations":1,"location":null,"numPassingAsserts":1,"retryReasons":[],"status":"passed","title":"should return GitHub repo URL for a valid package"},{"ancestorTitles":["GitHubAPIcaller tests"],"duration":1,"failureDetails":[],"failureMessages":[],"fullName":"GitHubAPIcaller tests should return null if no GitHub repo found","invocations":1,"location":null,"numPassingAsserts":1,"retryReasons":[],"status":"passed","title":"should return null if no GitHub repo found"},{"ancestorTitles":["GitHubAPIcaller tests"],"duration":3,"failureDetails":[],"failureMessages":[],"fullName":"GitHubAPIcaller tests should log an error and return null if the NPM API fails","invocations":1,"location":null,"numPassingAsserts":2,"retryReasons":[],"status":"passed","title":"should log an error and return null if the NPM API fails"}],"endTime":1727059034105,"message":"","name":"/home/anja/Desktop/461/ACME-Project/__tests__/GitHubAPIcaller.test.ts","startTime":1727059031026,"status":"passed","summary":""},{"assertionResults":[{"ancestorTitles":["getLicense"],"duration":10,"failureDetails":[],"failureMessages":[],"fullName":"getLicense should return 1 when a compatible LICENSE file is found","invocations":1,"location":null,"numPassingAsserts":2,"retryReasons":[],"status":"passed","title":"should return 1 when a compatible LICENSE file is found"},{"ancestorTitles":["getLicense"],"duration":1,"failureDetails":[],"failureMessages":[],"fullName":"getLicense should return 0 when an incompatible LICENSE file is found","invocations":1,"location":null,"numPassingAsserts":1,"retryReasons":[],"status":"passed","title":"should return 0 when an incompatible LICENSE file is found"},{"ancestorTitles":["getLicense"],"duration":1,"failureDetails":[],"failureMessages":[],"fullName":"getLicense should return 0 when no LICENSE file but README contains license information","invocations":1,"location":null,"numPassingAsserts":1,"retryReasons":[],"status":"passed","title":"should return 0 when no LICENSE file but README contains license information"},{"ancestorTitles":["getLicense"],"duration":1,"failureDetails":[],"failureMessages":[],"fullName":"getLicense should return -1 when no LICENSE or README file is found","invocations":1,"location":null,"numPassingAsserts":1,"retryReasons":[],"status":"passed","title":"should return -1 when no LICENSE or README file is found"}],"endTime":1727059034169,"message":"","name":"/home/anja/Desktop/461/ACME-Project/__tests__/License.test.ts","startTime":1727059031027,"status":"passed","summary":""},{"assertionResults":[{"ancestorTitles":[],"duration":10,"failureDetails":[],"failureMessages":[],"fullName":"should calculate the correct bus factor score","invocations":1,"location":null,"numPassingAsserts":1,"retryReasons":[],"status":"passed","title":"should calculate the correct bus factor score"},{"ancestorTitles":[],"duration":1,"failureDetails":[],"failureMessages":[],"fullName":"should calculate the correct correctness score","invocations":1,"location":null,"numPassingAsserts":1,"retryReasons":[],"status":"passed","title":"should calculate the correct correctness score"},{"ancestorTitles":[],"duration":1,"failureDetails":[],"failureMessages":[],"fullName":"should calculate the correct ramp-up score","invocations":1,"location":null,"numPassingAsserts":2,"retryReasons":[],"status":"passed","title":"should calculate the correct ramp-up score"},{"ancestorTitles":[],"duration":1,"failureDetails":[],"failureMessages":[],"fullName":"should calculate the correct responsive maintainer score","invocations":1,"location":null,"numPassingAsserts":2,"retryReasons":[],"status":"passed","title":"should calculate the correct responsive maintainer score"},{"ancestorTitles":[],"duration":0,"failureDetails":[],"failureMessages":[],"fullName":"should calculate the correct license score","invocations":1,"location":null,"numPassingAsserts":0,"retryReasons":[],"status":"passed","title":"should calculate the correct license score"},{"ancestorTitles":[],"duration":1,"failureDetails":[],"failureMessages":[],"fullName":"should calculate the correct net score","invocations":1,"location":null,"numPassingAsserts":2,"retryReasons":[],"status":"passed","title":"should calculate the correct net score"}],"endTime":1727059037401,"message":"","name":"/home/anja/Desktop/461/ACME-Project/__tests__/cloudinary.test.ts","startTime":1727059031034,"status":"passed","summary":""}],"wasInterrupted":false,"coverageMap":{"/home/anja/Desktop/461/ACME-Project/src/CalculateMetrics.ts":{"path":"/home/anja/Desktop/461/ACME-Project/src/CalculateMetrics.ts","statementMap":{"0":{"start":{"line":6,"column":0},"end":{"line":6,"column":16}},"1":{"start":{"line":32,"column":0},"end":{"line":32,"column":16}},"2":{"start":{"line":46,"column":0},"end":{"line":46,"column":16}},"3":{"start":{"line":85,"column":0},"end":{"line":85,"column":16}},"4":{"start":{"line":114,"column":0},"end":{"line":114,"column":24}},"5":{"start":{"line":8,"column":24},"end":{"line":9,"column":null}},"6":{"start":{"line":9,"column":14},"end":{"line":9,"column":87}},"7":{"start":{"line":13,"column":29},"end":{"line":13,"column":77}},"8":{"start":{"line":13,"column":64},"end":{"line":13,"column":73}},"9":{"start":{"line":16,"column":21},"end":{"line":16,"column":41}},"10":{"start":{"line":19,"column":30},"end":{"line":19,"column":61}},"11":{"start":{"line":22,"column":35},"end":{"line":24,"column":10}},"12":{"start":{"line":23,"column":22},"end":{"line":23,"column":57}},"13":{"start":{"line":26,"column":25},"end":{"line":26,"column":62}},"14":{"start":{"line":29,"column":2},"end":{"line":29,"column":48}},"15":{"start":{"line":33,"column":22},"end":{"line":33,"column":62}},"16":{"start":{"line":34,"column":26},"end":{"line":34,"column":72}},"17":{"start":{"line":36,"column":2},"end":{"line":38,"column":3}},"18":{"start":{"line":37,"column":4},"end":{"line":37,"column":13}},"19":{"start":{"line":40,"column":22},"end":{"line":40,"column":51}},"20":{"start":{"line":43,"column":2},"end":{"line":43,"column":45}},"21":{"start":{"line":48,"column":43},"end":{"line":55,"column":48}},"22":{"start":{"line":50,"column":32},"end":{"line":51,"column":null}},"23":{"start":{"line":51,"column":8},"end":{"line":51,"column":104}},"24":{"start":{"line":51,"column":55},"end":{"line":51,"column":103}},"25":{"start":{"line":53,"column":6},"end":{"line":53,"column":78}},"26":{"start":{"line":55,"column":22},"end":{"line":55,"column":35}},"27":{"start":{"line":59,"column":2},"end":{"line":61,"column":3}},"28":{"start":{"line":60,"column":4},"end":{"line":60,"column":13}},"29":{"start":{"line":64,"column":36},"end":{"line":64,"column":38}},"30":{"start":{"line":65,"column":2},"end":{"line":68,"column":3}},"31":{"start":{"line":65,"column":14},"end":{"line":65,"column":15}},"32":{"start":{"line":66,"column":24},"end":{"line":66,"column":109}},"33":{"start":{"line":67,"column":4},"end":{"line":67,"column":48}},"34":{"start":{"line":71,"column":32},"end":{"line":71,"column":107}},"35":{"start":{"line":71,"column":69},"end":{"line":71,"column":78}},"36":{"start":{"line":74,"column":2},"end":{"line":76,"column":3}},"37":{"start":{"line":75,"column":4},"end":{"line":75,"column":13}},"38":{"start":{"line":79,"column":22},"end":{"line":79,"column":60}},"39":{"start":{"line":82,"column":2},"end":{"line":82,"column":45}},"40":{"start":{"line":87,"column":22},"end":{"line":87,"column":32}},"41":{"start":{"line":88,"column":22},"end":{"line":88,"column":32}},"42":{"start":{"line":89,"column":2},"end":{"line":89,"column":51}},"43":{"start":{"line":92,"column":23},"end":{"line":95,"column":4}},"44":{"start":{"line":93,"column":22},"end":{"line":93,"column":52}},"45":{"start":{"line":94,"column":4},"end":{"line":94,"column":36}},"46":{"start":{"line":98,"column":22},"end":{"line":98,"column":41}},"47":{"start":{"line":101,"column":25},"end":{"line":101,"column":92}},"48":{"start":{"line":101,"column":56},"end":{"line":101,"column":84}},"49":{"start":{"line":104,"column":2},"end":{"line":106,"column":3}},"50":{"start":{"line":105,"column":4},"end":{"line":105,"column":13}},"51":{"start":{"line":108,"column":31},"end":{"line":108,"column":59}},"52":{"start":{"line":111,"column":2},"end":{"line":111,"column":54}},"53":{"start":{"line":116,"column":19},"end":{"line":117,"column":39}},"54":{"start":{"line":120,"column":2},"end":{"line":120,"column":42}}},"fnMap":{"0":{"name":"calculateBusFactorScore","decl":{"start":{"line":6,"column":16},"end":{"line":6,"column":39}},"loc":{"start":{"line":6,"column":62},"end":{"line":30,"column":1}}},"1":{"name":"(anonymous_1)","decl":{"start":{"line":9,"column":4},"end":{"line":9,"column":5}},"loc":{"start":{"line":9,"column":14},"end":{"line":9,"column":87}}},"2":{"name":"(anonymous_2)","decl":{"start":{"line":13,"column":50},"end":{"line":13,"column":51}},"loc":{"start":{"line":13,"column":64},"end":{"line":13,"column":73}}},"3":{"name":"(anonymous_3)","decl":{"start":{"line":23,"column":4},"end":{"line":23,"column":5}},"loc":{"start":{"line":23,"column":22},"end":{"line":23,"column":57}}},"4":{"name":"calculateCorrectness","decl":{"start":{"line":32,"column":16},"end":{"line":32,"column":36}},"loc":{"start":{"line":32,"column":61},"end":{"line":44,"column":1}}},"5":{"name":"calculateRampUpScore","decl":{"start":{"line":46,"column":16},"end":{"line":46,"column":36}},"loc":{"start":{"line":46,"column":59},"end":{"line":83,"column":1}}},"6":{"name":"(anonymous_6)","decl":{"start":{"line":49,"column":9},"end":{"line":49,"column":10}},"loc":{"start":{"line":49,"column":18},"end":{"line":54,"column":5}}},"7":{"name":"(anonymous_7)","decl":{"start":{"line":50,"column":106},"end":{"line":50,"column":107}},"loc":{"start":{"line":51,"column":8},"end":{"line":51,"column":104}}},"8":{"name":"(anonymous_8)","decl":{"start":{"line":51,"column":37},"end":{"line":51,"column":38}},"loc":{"start":{"line":51,"column":55},"end":{"line":51,"column":103}}},"9":{"name":"(anonymous_9)","decl":{"start":{"line":55,"column":12},"end":{"line":55,"column":13}},"loc":{"start":{"line":55,"column":22},"end":{"line":55,"column":35}}},"10":{"name":"(anonymous_10)","decl":{"start":{"line":71,"column":55},"end":{"line":71,"column":56}},"loc":{"start":{"line":71,"column":69},"end":{"line":71,"column":78}}},"11":{"name":"calculateResponsiveMaintainerScore","decl":{"start":{"line":85,"column":16},"end":{"line":85,"column":50}},"loc":{"start":{"line":85,"column":75},"end":{"line":112,"column":1}}},"12":{"name":"(anonymous_12)","decl":{"start":{"line":92,"column":66},"end":{"line":92,"column":67}},"loc":{"start":{"line":92,"column":76},"end":{"line":95,"column":3}}},"13":{"name":"(anonymous_13)","decl":{"start":{"line":101,"column":45},"end":{"line":101,"column":46}},"loc":{"start":{"line":101,"column":56},"end":{"line":101,"column":84}}},"14":{"name":"calculateNetScore","decl":{"start":{"line":114,"column":24},"end":{"line":114,"column":41}},"loc":{"start":{"line":115,"column":78},"end":{"line":121,"column":1}}}},"branchMap":{"0":{"loc":{"start":{"line":36,"column":2},"end":{"line":38,"column":3}},"type":"if","locations":[{"start":{"line":36,"column":2},"end":{"line":38,"column":3}}]},"1":{"loc":{"start":{"line":53,"column":13},"end":{"line":53,"column":77}},"type":"cond-expr","locations":[{"start":{"line":53,"column":40},"end":{"line":53,"column":70}},{"start":{"line":53,"column":73},"end":{"line":53,"column":77}}]},"2":{"loc":{"start":{"line":59,"column":2},"end":{"line":61,"column":3}},"type":"if","locations":[{"start":{"line":59,"column":2},"end":{"line":61,"column":3}}]},"3":{"loc":{"start":{"line":74,"column":2},"end":{"line":76,"column":3}},"type":"if","locations":[{"start":{"line":74,"column":2},"end":{"line":76,"column":3}}]},"4":{"loc":{"start":{"line":104,"column":2},"end":{"line":106,"column":3}},"type":"if","locations":[{"start":{"line":104,"column":2},"end":{"line":106,"column":3}}]}},"s":{"0":2,"1":2,"2":2,"3":2,"4":2,"5":2,"6":12,"7":2,"8":12,"9":2,"10":2,"11":2,"12":12,"13":2,"14":2,"15":2,"16":2,"17":2,"18":0,"19":2,"20":2,"21":2,"22":12,"23":54,"24":56,"25":12,"26":12,"27":2,"28":0,"29":2,"30":2,"31":2,"32":5,"33":5,"34":2,"35":5,"36":2,"37":0,"38":2,"39":2,"40":2,"41":2,"42":2,"43":2,"44":52,"45":52,"46":2,"47":2,"48":10,"49":2,"50":0,"51":2,"52":2,"53":2,"54":2},"f":{"0":2,"1":12,"2":12,"3":12,"4":2,"5":2,"6":12,"7":54,"8":56,"9":12,"10":5,"11":2,"12":52,"13":10,"14":2},"b":{"0":[0],"1":[7,5],"2":[0],"3":[0],"4":[0]}},"/home/anja/Desktop/461/ACME-Project/src/GitHubAPIcaller.ts":{"path":"/home/anja/Desktop/461/ACME-Project/src/GitHubAPIcaller.ts","statementMap":{"0":{"start":{"line":78,"column":0},"end":{"line":78,"column":30}},"1":{"start":{"line":112,"column":0},"end":{"line":112,"column":22}},"2":{"start":{"line":151,"column":0},"end":{"line":151,"column":22}},"3":{"start":{"line":205,"column":0},"end":{"line":205,"column":22}},"4":{"start":{"line":239,"column":0},"end":{"line":239,"column":16}},"5":{"start":{"line":247,"column":0},"end":{"line":247,"column":16}},"6":{"start":{"line":267,"column":0},"end":{"line":267,"column":16}},"7":{"start":{"line":1,"column":0},"end":{"line":1,"column":33}},"8":{"start":{"line":2,"column":0},"end":{"line":2,"column":26}},"9":{"start":{"line":5,"column":0},"end":{"line":5,"column":16}},"10":{"start":{"line":6,"column":14},"end":{"line":6,"column":38}},"11":{"start":{"line":9,"column":23},"end":{"line":9,"column":55}},"12":{"start":{"line":79,"column":16},"end":{"line":91,"column":4}},"13":{"start":{"line":93,"column":19},"end":{"line":100,"column":4}},"14":{"start":{"line":102,"column":2},"end":{"line":104,"column":3}},"15":{"start":{"line":103,"column":4},"end":{"line":103,"column":68}},"16":{"start":{"line":106,"column":33},"end":{"line":106,"column":54}},"17":{"start":{"line":108,"column":2},"end":{"line":108,"column":16}},"18":{"start":{"line":113,"column":16},"end":{"line":131,"column":4}},"19":{"start":{"line":132,"column":19},"end":{"line":139,"column":4}},"20":{"start":{"line":141,"column":2},"end":{"line":143,"column":3}},"21":{"start":{"line":142,"column":4},"end":{"line":142,"column":68}},"22":{"start":{"line":145,"column":35},"end":{"line":145,"column":56}},"23":{"start":{"line":147,"column":2},"end":{"line":147,"column":16}},"24":{"start":{"line":152,"column":16},"end":{"line":179,"column":4}},"25":{"start":{"line":181,"column":19},"end":{"line":188,"column":4}},"26":{"start":{"line":190,"column":2},"end":{"line":192,"column":3}},"27":{"start":{"line":191,"column":4},"end":{"line":191,"column":68}},"28":{"start":{"line":194,"column":34},"end":{"line":194,"column":55}},"29":{"start":{"line":196,"column":2},"end":{"line":196,"column":16}},"30":{"start":{"line":206,"column":2},"end":{"line":230,"column":3}},"31":{"start":{"line":207,"column":23},"end":{"line":207,"column":83}},"32":{"start":{"line":208,"column":26},"end":{"line":208,"column":39}},"33":{"start":{"line":210,"column":6},"end":{"line":224,"column":7}},"34":{"start":{"line":211,"column":24},"end":{"line":211,"column":50}},"35":{"start":{"line":213,"column":10},"end":{"line":219,"column":11}},"36":{"start":{"line":214,"column":14},"end":{"line":214,"column":90}},"37":{"start":{"line":215,"column":17},"end":{"line":219,"column":11}},"38":{"start":{"line":216,"column":14},"end":{"line":216,"column":72}},"39":{"start":{"line":218,"column":14},"end":{"line":218,"column":52}},"40":{"start":{"line":221,"column":10},"end":{"line":223,"column":11}},"41":{"start":{"line":222,"column":14},"end":{"line":222,"column":29}},"42":{"start":{"line":226,"column":6},"end":{"line":226,"column":18}},"43":{"start":{"line":228,"column":6},"end":{"line":228,"column":83}},"44":{"start":{"line":229,"column":6},"end":{"line":229,"column":18}},"45":{"start":{"line":240,"column":23},"end":{"line":240,"column":43}},"46":{"start":{"line":241,"column":4},"end":{"line":241,"column":53}},"47":{"start":{"line":242,"column":4},"end":{"line":242,"column":50}},"48":{"start":{"line":243,"column":4},"end":{"line":243,"column":55}},"49":{"start":{"line":248,"column":21},"end":{"line":248,"column":41}},"50":{"start":{"line":249,"column":17},"end":{"line":249,"column":34}},"51":{"start":{"line":252,"column":2},"end":{"line":257,"column":5}},"52":{"start":{"line":253,"column":4},"end":{"line":253,"column":40}},"53":{"start":{"line":254,"column":4},"end":{"line":254,"column":46}},"54":{"start":{"line":255,"column":4},"end":{"line":255,"column":56}},"55":{"start":{"line":256,"column":4},"end":{"line":256,"column":86}},"56":{"start":{"line":260,"column":2},"end":{"line":260,"column":74}},"57":{"start":{"line":263,"column":2},"end":{"line":263,"column":50}},"58":{"start":{"line":268,"column":27},"end":{"line":268,"column":64}},"59":{"start":{"line":271,"column":2},"end":{"line":274,"column":3}},"60":{"start":{"line":272,"column":4},"end":{"line":272,"column":47}},"61":{"start":{"line":273,"column":4},"end":{"line":273,"column":11}},"62":{"start":{"line":277,"column":2},"end":{"line":307,"column":5}},"63":{"start":{"line":278,"column":4},"end":{"line":281,"column":5}},"64":{"start":{"line":279,"column":6},"end":{"line":279,"column":60}},"65":{"start":{"line":280,"column":6},"end":{"line":280,"column":13}},"66":{"start":{"line":283,"column":4},"end":{"line":283,"column":38}},"67":{"start":{"line":284,"column":4},"end":{"line":284,"column":46}},"68":{"start":{"line":285,"column":4},"end":{"line":285,"column":49}},"69":{"start":{"line":286,"column":4},"end":{"line":286,"column":118}},"70":{"start":{"line":289,"column":4},"end":{"line":306,"column":5}},"71":{"start":{"line":290,"column":6},"end":{"line":302,"column":9}},"72":{"start":{"line":291,"column":8},"end":{"line":291,"column":70}},"73":{"start":{"line":293,"column":8},"end":{"line":301,"column":9}},"74":{"start":{"line":294,"column":10},"end":{"line":297,"column":13}},"75":{"start":{"line":295,"column":12},"end":{"line":295,"column":70}},"76":{"start":{"line":296,"column":12},"end":{"line":296,"column":77}},"77":{"start":{"line":300,"column":10},"end":{"line":300,"column":53}},"78":{"start":{"line":305,"column":6},"end":{"line":305,"column":62}}},"fnMap":{"0":{"name":"fetchRepositoryInfo","decl":{"start":{"line":78,"column":30},"end":{"line":78,"column":49}},"loc":{"start":{"line":78,"column":77},"end":{"line":109,"column":null}}},"1":{"name":"fetchRepositoryIssues","decl":{"start":{"line":112,"column":22},"end":{"line":112,"column":43}},"loc":{"start":{"line":112,"column":71},"end":{"line":148,"column":null}}},"2":{"name":"fetchRepositoryUsers","decl":{"start":{"line":151,"column":22},"end":{"line":151,"column":42}},"loc":{"start":{"line":151,"column":70},"end":{"line":197,"column":null}}},"3":{"name":"getNpmPackageGithubRepo","decl":{"start":{"line":205,"column":22},"end":{"line":205,"column":45}},"loc":{"start":{"line":205,"column":65},"end":{"line":231,"column":null}}},"4":{"name":"printRepositoryInfo","decl":{"start":{"line":239,"column":16},"end":{"line":239,"column":35}},"loc":{"start":{"line":239,"column":56},"end":{"line":244,"column":1}}},"5":{"name":"printRepositoryIssues","decl":{"start":{"line":247,"column":16},"end":{"line":247,"column":37}},"loc":{"start":{"line":247,"column":60},"end":{"line":264,"column":1}}},"6":{"name":"(anonymous_24)","decl":{"start":{"line":252,"column":23},"end":{"line":252,"column":24}},"loc":{"start":{"line":252,"column":40},"end":{"line":257,"column":3}}},"7":{"name":"printRepositoryUsers","decl":{"start":{"line":267,"column":16},"end":{"line":267,"column":36}},"loc":{"start":{"line":267,"column":58},"end":{"line":308,"column":1}}},"8":{"name":"(anonymous_26)","decl":{"start":{"line":277,"column":33},"end":{"line":277,"column":34}},"loc":{"start":{"line":277,"column":49},"end":{"line":307,"column":3}}},"9":{"name":"(anonymous_27)","decl":{"start":{"line":290,"column":80},"end":{"line":290,"column":81}},"loc":{"start":{"line":290,"column":100},"end":{"line":302,"column":7}}},"10":{"name":"(anonymous_28)","decl":{"start":{"line":294,"column":43},"end":{"line":294,"column":44}},"loc":{"start":{"line":294,"column":79},"end":{"line":297,"column":11}}}},"branchMap":{"0":{"loc":{"start":{"line":102,"column":2},"end":{"line":104,"column":3}},"type":"if","locations":[{"start":{"line":102,"column":2},"end":{"line":104,"column":3}}]},"1":{"loc":{"start":{"line":141,"column":2},"end":{"line":143,"column":3}},"type":"if","locations":[{"start":{"line":141,"column":2},"end":{"line":143,"column":3}}]},"2":{"loc":{"start":{"line":190,"column":2},"end":{"line":192,"column":3}},"type":"if","locations":[{"start":{"line":190,"column":2},"end":{"line":192,"column":3}}]},"3":{"loc":{"start":{"line":210,"column":6},"end":{"line":224,"column":7}},"type":"if","locations":[{"start":{"line":210,"column":6},"end":{"line":224,"column":7}}]},"4":{"loc":{"start":{"line":210,"column":10},"end":{"line":210,"column":62}},"type":"binary-expr","locations":[{"start":{"line":210,"column":10},"end":{"line":210,"column":32}},{"start":{"line":210,"column":36},"end":{"line":210,"column":62}}]},"5":{"loc":{"start":{"line":213,"column":10},"end":{"line":219,"column":11}},"type":"if","locations":[{"start":{"line":213,"column":10},"end":{"line":219,"column":11}},{"start":{"line":215,"column":17},"end":{"line":219,"column":11}}]},"6":{"loc":{"start":{"line":215,"column":17},"end":{"line":219,"column":11}},"type":"if","locations":[{"start":{"line":215,"column":17},"end":{"line":219,"column":11}},{"start":{"line":217,"column":17},"end":{"line":219,"column":11}}]},"7":{"loc":{"start":{"line":221,"column":10},"end":{"line":223,"column":11}},"type":"if","locations":[{"start":{"line":221,"column":10},"end":{"line":223,"column":11}}]},"8":{"loc":{"start":{"line":256,"column":34},"end":{"line":256,"column":84}},"type":"cond-expr","locations":[{"start":{"line":256,"column":56},"end":{"line":256,"column":75}},{"start":{"line":256,"column":78},"end":{"line":256,"column":84}}]},"9":{"loc":{"start":{"line":271,"column":2},"end":{"line":274,"column":3}},"type":"if","locations":[{"start":{"line":271,"column":2},"end":{"line":274,"column":3}}]},"10":{"loc":{"start":{"line":278,"column":4},"end":{"line":281,"column":5}},"type":"if","locations":[{"start":{"line":278,"column":4},"end":{"line":281,"column":5}}]},"11":{"loc":{"start":{"line":289,"column":4},"end":{"line":306,"column":5}},"type":"if","locations":[{"start":{"line":289,"column":4},"end":{"line":306,"column":5}},{"start":{"line":304,"column":9},"end":{"line":306,"column":5}}]},"12":{"loc":{"start":{"line":293,"column":8},"end":{"line":301,"column":9}},"type":"if","locations":[{"start":{"line":293,"column":8},"end":{"line":301,"column":9}},{"start":{"line":299,"column":13},"end":{"line":301,"column":9}}]}},"s":{"0":2,"1":2,"2":2,"3":2,"4":2,"5":2,"6":2,"7":2,"8":2,"9":2,"10":2,"11":2,"12":0,"13":0,"14":0,"15":0,"16":0,"17":0,"18":1,"19":1,"20":1,"21":0,"22":1,"23":1,"24":1,"25":1,"26":1,"27":0,"28":1,"29":1,"30":3,"31":3,"32":2,"33":2,"34":2,"35":2,"36":0,"37":2,"38":0,"39":2,"40":2,"41":1,"42":1,"43":1,"44":1,"45":0,"46":0,"47":0,"48":0,"49":0,"50":0,"51":0,"52":0,"53":0,"54":0,"55":0,"56":0,"57":0,"58":0,"59":0,"60":0,"61":0,"62":0,"63":0,"64":0,"65":0,"66":0,"67":0,"68":0,"69":0,"70":0,"71":0,"72":0,"73":0,"74":0,"75":0,"76":0,"77":0,"78":0},"f":{"0":0,"1":1,"2":1,"3":3,"4":0,"5":0,"6":0,"7":0,"8":0,"9":0,"10":0},"b":{"0":[0],"1":[0],"2":[0],"3":[2],"4":[2,2],"5":[0,2],"6":[0,2],"7":[1],"8":[0,0],"9":[0],"10":[0],"11":[0,0],"12":[0,0]}},"/home/anja/Desktop/461/ACME-Project/src/License.ts":{"path":"/home/anja/Desktop/461/ACME-Project/src/License.ts","statementMap":{"0":{"start":{"line":10,"column":0},"end":{"line":10,"column":22}},"1":{"start":{"line":1,"column":0},"end":{"line":1,"column":25}},"2":{"start":{"line":2,"column":0},"end":{"line":2,"column":38}},"3":{"start":{"line":3,"column":0},"end":{"line":3,"column":44}},"4":{"start":{"line":4,"column":0},"end":{"line":4,"column":29}},"5":{"start":{"line":5,"column":0},"end":{"line":5,"column":30}},"6":{"start":{"line":8,"column":27},"end":{"line":8,"column":91}},"7":{"start":{"line":11,"column":21},"end":{"line":11,"column":62}},"8":{"start":{"line":13,"column":4},"end":{"line":67,"column":5}},"9":{"start":{"line":15,"column":8},"end":{"line":17,"column":9}},"10":{"start":{"line":16,"column":12},"end":{"line":16,"column":66}},"11":{"start":{"line":18,"column":8},"end":{"line":18,"column":59}},"12":{"start":{"line":20,"column":8},"end":{"line":27,"column":11}},"13":{"start":{"line":30,"column":22},"end":{"line":30,"column":46}},"14":{"start":{"line":31,"column":29},"end":{"line":31,"column":78}},"15":{"start":{"line":31,"column":48},"end":{"line":31,"column":77}},"16":{"start":{"line":32,"column":36},"end":{"line":32,"column":41}},"17":{"start":{"line":33,"column":42},"end":{"line":33,"column":46}},"18":{"start":{"line":35,"column":8},"end":{"line":50,"column":9}},"19":{"start":{"line":37,"column":35},"end":{"line":37,"column":93}},"20":{"start":{"line":38,"column":12},"end":{"line":38,"column":62}},"21":{"start":{"line":40,"column":27},"end":{"line":40,"column":75}},"22":{"start":{"line":40,"column":46},"end":{"line":40,"column":74}},"23":{"start":{"line":41,"column":12},"end":{"line":49,"column":13}},"24":{"start":{"line":43,"column":31},"end":{"line":43,"column":83}},"25":{"start":{"line":45,"column":16},"end":{"line":48,"column":17}},"26":{"start":{"line":46,"column":20},"end":{"line":46,"column":39}},"27":{"start":{"line":47,"column":20},"end":{"line":47,"column":62}},"28":{"start":{"line":53,"column":8},"end":{"line":53,"column":62}},"29":{"start":{"line":56,"column":8},"end":{"line":62,"column":9}},"30":{"start":{"line":57,"column":12},"end":{"line":57,"column":21}},"31":{"start":{"line":58,"column":15},"end":{"line":62,"column":9}},"32":{"start":{"line":59,"column":12},"end":{"line":59,"column":21}},"33":{"start":{"line":61,"column":12},"end":{"line":61,"column":22}},"34":{"start":{"line":65,"column":8},"end":{"line":65,"column":72}},"35":{"start":{"line":66,"column":8},"end":{"line":66,"column":18}},"36":{"start":{"line":72,"column":4},"end":{"line":84,"column":5}},"37":{"start":{"line":73,"column":8},"end":{"line":73,"column":21}},"38":{"start":{"line":74,"column":11},"end":{"line":84,"column":5}},"39":{"start":{"line":75,"column":8},"end":{"line":75,"column":30}},"40":{"start":{"line":76,"column":11},"end":{"line":84,"column":5}},"41":{"start":{"line":77,"column":8},"end":{"line":77,"column":30}},"42":{"start":{"line":78,"column":11},"end":{"line":84,"column":5}},"43":{"start":{"line":79,"column":8},"end":{"line":79,"column":28}},"44":{"start":{"line":80,"column":11},"end":{"line":84,"column":5}},"45":{"start":{"line":81,"column":8},"end":{"line":81,"column":25}},"46":{"start":{"line":83,"column":8},"end":{"line":83,"column":20}}},"fnMap":{"0":{"name":"getLicense","decl":{"start":{"line":10,"column":22},"end":{"line":10,"column":32}},"loc":{"start":{"line":10,"column":64},"end":{"line":68,"column":null}}},"1":{"name":"(anonymous_16)","decl":{"start":{"line":31,"column":40},"end":{"line":31,"column":44}},"loc":{"start":{"line":31,"column":48},"end":{"line":31,"column":77}}},"2":{"name":"(anonymous_17)","decl":{"start":{"line":40,"column":38},"end":{"line":40,"column":42}},"loc":{"start":{"line":40,"column":46},"end":{"line":40,"column":74}}},"3":{"name":"identifyLicenseType","decl":{"start":{"line":71,"column":9},"end":{"line":71,"column":28}},"loc":{"start":{"line":71,"column":44},"end":{"line":85,"column":1}}}},"branchMap":{"0":{"loc":{"start":{"line":15,"column":8},"end":{"line":17,"column":9}},"type":"if","locations":[{"start":{"line":15,"column":8},"end":{"line":17,"column":9}}]},"1":{"loc":{"start":{"line":35,"column":8},"end":{"line":50,"column":9}},"type":"if","locations":[{"start":{"line":35,"column":8},"end":{"line":50,"column":9}},{"start":{"line":39,"column":15},"end":{"line":50,"column":9}}]},"2":{"loc":{"start":{"line":41,"column":12},"end":{"line":49,"column":13}},"type":"if","locations":[{"start":{"line":41,"column":12},"end":{"line":49,"column":13}}]},"3":{"loc":{"start":{"line":45,"column":16},"end":{"line":48,"column":17}},"type":"if","locations":[{"start":{"line":45,"column":16},"end":{"line":48,"column":17}}]},"4":{"loc":{"start":{"line":56,"column":8},"end":{"line":62,"column":9}},"type":"if","locations":[{"start":{"line":56,"column":8},"end":{"line":62,"column":9}},{"start":{"line":58,"column":15},"end":{"line":62,"column":9}}]},"5":{"loc":{"start":{"line":56,"column":12},"end":{"line":56,"column":67}},"type":"binary-expr","locations":[{"start":{"line":56,"column":12},"end":{"line":56,"column":23}},{"start":{"line":56,"column":27},"end":{"line":56,"column":67}}]},"6":{"loc":{"start":{"line":58,"column":15},"end":{"line":62,"column":9}},"type":"if","locations":[{"start":{"line":58,"column":15},"end":{"line":62,"column":9}},{"start":{"line":60,"column":15},"end":{"line":62,"column":9}}]},"7":{"loc":{"start":{"line":58,"column":19},"end":{"line":58,"column":46}},"type":"binary-expr","locations":[{"start":{"line":58,"column":19},"end":{"line":58,"column":31}},{"start":{"line":58,"column":35},"end":{"line":58,"column":46}}]},"8":{"loc":{"start":{"line":72,"column":4},"end":{"line":84,"column":5}},"type":"if","locations":[{"start":{"line":72,"column":4},"end":{"line":84,"column":5}},{"start":{"line":74,"column":11},"end":{"line":84,"column":5}}]},"9":{"loc":{"start":{"line":74,"column":11},"end":{"line":84,"column":5}},"type":"if","locations":[{"start":{"line":74,"column":11},"end":{"line":84,"column":5}},{"start":{"line":76,"column":11},"end":{"line":84,"column":5}}]},"10":{"loc":{"start":{"line":76,"column":11},"end":{"line":84,"column":5}},"type":"if","locations":[{"start":{"line":76,"column":11},"end":{"line":84,"column":5}},{"start":{"line":78,"column":11},"end":{"line":84,"column":5}}]},"11":{"loc":{"start":{"line":78,"column":11},"end":{"line":84,"column":5}},"type":"if","locations":[{"start":{"line":78,"column":11},"end":{"line":84,"column":5}},{"start":{"line":80,"column":11},"end":{"line":84,"column":5}}]},"12":{"loc":{"start":{"line":80,"column":11},"end":{"line":84,"column":5}},"type":"if","locations":[{"start":{"line":80,"column":11},"end":{"line":84,"column":5}},{"start":{"line":82,"column":11},"end":{"line":84,"column":5}}]}},"s":{"0":1,"1":1,"2":1,"3":1,"4":1,"5":1,"6":1,"7":4,"8":4,"9":4,"10":4,"11":4,"12":4,"13":4,"14":4,"15":3,"16":4,"17":4,"18":4,"19":2,"20":2,"21":2,"22":1,"23":2,"24":1,"25":1,"26":1,"27":1,"28":4,"29":4,"30":2,"31":2,"32":1,"33":1,"34":0,"35":0,"36":3,"37":2,"38":1,"39":0,"40":1,"41":0,"42":1,"43":0,"44":1,"45":0,"46":1},"f":{"0":4,"1":3,"2":1,"3":3},"b":{"0":[4],"1":[2,2],"2":[1],"3":[1],"4":[2,2],"5":[4,2],"6":[1,1],"7":[2,1],"8":[2,1],"9":[0,1],"10":[0,1],"11":[0,1],"12":[0,1]}},"/home/anja/Desktop/461/ACME-Project/src/logger.ts":{"path":"/home/anja/Desktop/461/ACME-Project/src/logger.ts","statementMap":{"0":{"start":{"line":1,"column":0},"end":{"line":1,"column":35}},"1":{"start":{"line":2,"column":0},"end":{"line":2,"column":33}},"2":{"start":{"line":3,"column":0},"end":{"line":3,"column":16}},"3":{"start":{"line":6,"column":17},"end":{"line":6,"column":45}},"4":{"start":{"line":9,"column":16},"end":{"line":9,"column":36}},"5":{"start":{"line":11,"column":15},"end":{"line":15,"column":2}},"6":{"start":{"line":18,"column":15},"end":{"line":29,"column":2}},"7":{"start":{"line":23,"column":6},"end":{"line":23,"column":64}},"8":{"start":{"line":31,"column":0},"end":{"line":31,"column":22}}},"fnMap":{"0":{"name":"(anonymous_6)","decl":{"start":{"line":22,"column":26},"end":{"line":22,"column":27}},"loc":{"start":{"line":22,"column":60},"end":{"line":24,"column":5}}}},"branchMap":{"0":{"loc":{"start":{"line":6,"column":17},"end":{"line":6,"column":45}},"type":"binary-expr","locations":[{"start":{"line":6,"column":17},"end":{"line":6,"column":38}},{"start":{"line":6,"column":42},"end":{"line":6,"column":45}}]}},"s":{"0":1,"1":1,"2":1,"3":1,"4":1,"5":1,"6":1,"7":4,"8":1},"f":{"0":4},"b":{"0":[1,1]}},"/home/anja/Desktop/461/ACME-Project/src/main.ts":{"path":"/home/anja/Desktop/461/ACME-Project/src/main.ts","statementMap":{"0":{"start":{"line":69,"column":0},"end":{"line":69,"column":22}},"1":{"start":{"line":3,"column":0},"end":{"line":3,"column":25}},"2":{"start":{"line":6,"column":0},"end":{"line":6,"column":30}},"3":{"start":{"line":8,"column":16},"end":{"line":8,"column":36}},"4":{"start":{"line":9,"column":20},"end":{"line":9,"column":44}},"5":{"start":{"line":12,"column":0},"end":{"line":19,"column":1}},"6":{"start":{"line":13,"column":2},"end":{"line":13,"column":83}},"7":{"start":{"line":14,"column":2},"end":{"line":14,"column":18}},"8":{"start":{"line":18,"column":2},"end":{"line":18,"column":74}},"9":{"start":{"line":21,"column":0},"end":{"line":21,"column":31}},"10":{"start":{"line":23,"column":27},"end":{"line":23,"column":48}},"11":{"start":{"line":24,"column":23},"end":{"line":24,"column":69}},"12":{"start":{"line":27,"column":17},"end":{"line":27,"column":51}},"13":{"start":{"line":30,"column":13},"end":{"line":33,"column":32}},"14":{"start":{"line":32,"column":14},"end":{"line":32,"column":24}},"15":{"start":{"line":33,"column":17},"end":{"line":33,"column":31}},"16":{"start":{"line":38,"column":0},"end":{"line":38,"column":null}},"17":{"start":{"line":43,"column":0},"end":{"line":43,"column":null}},"18":{"start":{"line":50,"column":0},"end":{"line":50,"column":39}},"19":{"start":{"line":70,"column":21},"end":{"line":70,"column":63}},"20":{"start":{"line":72,"column":2},"end":{"line":80,"column":3}},"21":{"start":{"line":74,"column":6},"end":{"line":74,"column":24}},"22":{"start":{"line":76,"column":6},"end":{"line":76,"column":68}},"23":{"start":{"line":79,"column":6},"end":{"line":79,"column":16}},"24":{"start":{"line":83,"column":0},"end":{"line":83,"column":34}},"25":{"start":{"line":84,"column":0},"end":{"line":204,"column":1}},"26":{"start":{"line":84,"column":13},"end":{"line":84,"column":14}},"27":{"start":{"line":91,"column":2},"end":{"line":202,"column":7}},"28":{"start":{"line":91,"column":14},"end":{"line":202,"column":4}},"29":{"start":{"line":92,"column":4},"end":{"line":201,"column":3}},"30":{"start":{"line":95,"column":23},"end":{"line":95,"column":41}},"31":{"start":{"line":100,"column":6},"end":{"line":100,"column":17}},"32":{"start":{"line":101,"column":6},"end":{"line":101,"column":22}},"33":{"start":{"line":103,"column":6},"end":{"line":120,"column":7}},"34":{"start":{"line":104,"column":8},"end":{"line":104,"column":30}},"35":{"start":{"line":105,"column":8},"end":{"line":105,"column":55}},"36":{"start":{"line":108,"column":11},"end":{"line":120,"column":7}},"37":{"start":{"line":110,"column":30},"end":{"line":110,"column":69}},"38":{"start":{"line":111,"column":8},"end":{"line":111,"column":32}},"39":{"start":{"line":113,"column":29},"end":{"line":113,"column":53}},"40":{"start":{"line":115,"column":8},"end":{"line":115,"column":34}},"41":{"start":{"line":116,"column":8},"end":{"line":116,"column":59}},"42":{"start":{"line":119,"column":8},"end":{"line":119,"column":61}},"43":{"start":{"line":129,"column":6},"end":{"line":129,"column":40}},"44":{"start":{"line":132,"column":6},"end":{"line":132,"column":32}},"45":{"start":{"line":133,"column":35},"end":{"line":133,"column":72}},"46":{"start":{"line":134,"column":6},"end":{"line":134,"column":30}},"47":{"start":{"line":135,"column":34},"end":{"line":135,"column":67}},"48":{"start":{"line":138,"column":43},"end":{"line":138,"column":87}},"49":{"start":{"line":139,"column":43},"end":{"line":139,"column":89}},"50":{"start":{"line":140,"column":43},"end":{"line":140,"column":88}},"51":{"start":{"line":144,"column":6},"end":{"line":144,"column":32}},"52":{"start":{"line":145,"column":34},"end":{"line":145,"column":68}},"53":{"start":{"line":146,"column":6},"end":{"line":146,"column":30}},"54":{"start":{"line":147,"column":34},"end":{"line":147,"column":67}},"55":{"start":{"line":150,"column":6},"end":{"line":150,"column":32}},"56":{"start":{"line":151,"column":34},"end":{"line":151,"column":66}},"57":{"start":{"line":152,"column":6},"end":{"line":152,"column":30}},"58":{"start":{"line":153,"column":34},"end":{"line":153,"column":67}},"59":{"start":{"line":156,"column":6},"end":{"line":156,"column":32}},"60":{"start":{"line":157,"column":34},"end":{"line":157,"column":65}},"61":{"start":{"line":158,"column":6},"end":{"line":158,"column":30}},"62":{"start":{"line":159,"column":34},"end":{"line":159,"column":67}},"63":{"start":{"line":162,"column":6},"end":{"line":162,"column":32}},"64":{"start":{"line":163,"column":35},"end":{"line":163,"column":81}},"65":{"start":{"line":164,"column":6},"end":{"line":164,"column":30}},"66":{"start":{"line":165,"column":42},"end":{"line":165,"column":75}},"67":{"start":{"line":168,"column":23},"end":{"line":168,"column":108}},"68":{"start":{"line":170,"column":6},"end":{"line":170,"column":38}},"69":{"start":{"line":172,"column":30},"end":{"line":172,"column":79}},"70":{"start":{"line":192,"column":26},"end":{"line":192,"column":493}},"71":{"start":{"line":194,"column":6},"end":{"line":194,"column":64}},"72":{"start":{"line":196,"column":6},"end":{"line":196,"column":49}},"73":{"start":{"line":200,"column":4},"end":{"line":200,"column":34}}},"fnMap":{"0":{"name":"(anonymous_14)","decl":{"start":{"line":32,"column":7},"end":{"line":32,"column":10}},"loc":{"start":{"line":32,"column":14},"end":{"line":32,"column":24}}},"1":{"name":"(anonymous_15)","decl":{"start":{"line":33,"column":10},"end":{"line":33,"column":13}},"loc":{"start":{"line":33,"column":17},"end":{"line":33,"column":31}}},"2":{"name":"processPackageData","decl":{"start":{"line":69,"column":22},"end":{"line":69,"column":40}},"loc":{"start":{"line":69,"column":60},"end":{"line":81,"column":null}}},"3":{"name":"(anonymous_18)","decl":{"start":{"line":91,"column":3},"end":{"line":91,"column":12}},"loc":{"start":{"line":91,"column":14},"end":{"line":202,"column":4}}},"4":{"name":"(anonymous_19)","decl":{"start":{"line":91,"column":14},"end":{"line":91,"column":null}},"loc":{"start":{"line":91,"column":14},"end":{"line":202,"column":3}}}},"branchMap":{"0":{"loc":{"start":{"line":12,"column":0},"end":{"line":19,"column":1}},"type":"if","locations":[{"start":{"line":12,"column":0},"end":{"line":19,"column":1}},{"start":{"line":17,"column":0},"end":{"line":19,"column":1}}]},"1":{"loc":{"start":{"line":12,"column":4},"end":{"line":12,"column":38}},"type":"binary-expr","locations":[{"start":{"line":12,"column":4},"end":{"line":12,"column":17}},{"start":{"line":12,"column":21},"end":{"line":12,"column":38}}]},"2":{"loc":{"start":{"line":24,"column":23},"end":{"line":24,"column":69}},"type":"cond-expr","locations":[{"start":{"line":24,"column":47},"end":{"line":24,"column":60}},{"start":{"line":24,"column":63},"end":{"line":24,"column":69}}]},"3":{"loc":{"start":{"line":72,"column":2},"end":{"line":80,"column":3}},"type":"if","locations":[{"start":{"line":72,"column":2},"end":{"line":80,"column":3}},{"start":{"line":75,"column":9},"end":{"line":80,"column":3}}]},"4":{"loc":{"start":{"line":103,"column":6},"end":{"line":120,"column":7}},"type":"if","locations":[{"start":{"line":103,"column":6},"end":{"line":120,"column":7}},{"start":{"line":108,"column":11},"end":{"line":120,"column":7}}]},"5":{"loc":{"start":{"line":108,"column":11},"end":{"line":120,"column":7}},"type":"if","locations":[{"start":{"line":108,"column":11},"end":{"line":120,"column":7}},{"start":{"line":118,"column":10},"end":{"line":120,"column":7}}]}},"s":{"0":0,"1":0,"2":0,"3":0,"4":0,"5":0,"6":0,"7":0,"8":0,"9":0,"10":0,"11":0,"12":0,"13":0,"14":0,"15":0,"16":0,"17":0,"18":0,"19":0,"20":0,"21":0,"22":0,"23":0,"24":0,"25":0,"26":0,"27":0,"28":0,"29":0,"30":0,"31":0,"32":0,"33":0,"34":0,"35":0,"36":0,"37":0,"38":0,"39":0,"40":0,"41":0,"42":0,"43":0,"44":0,"45":0,"46":0,"47":0,"48":0,"49":0,"50":0,"51":0,"52":0,"53":0,"54":0,"55":0,"56":0,"57":0,"58":0,"59":0,"60":0,"61":0,"62":0,"63":0,"64":0,"65":0,"66":0,"67":0,"68":0,"69":0,"70":0,"71":0,"72":0,"73":0},"f":{"0":0,"1":0,"2":0,"3":0,"4":0},"b":{"0":[0,0],"1":[0,0],"2":[0,0],"3":[0,0],"4":[0,0],"5":[0,0]}}}}
