{"numFailedTestSuites":1,"numFailedTests":0,"numPassedTestSuites":4,"numPassedTests":18,"numPendingTestSuites":0,"numPendingTests":0,"numRuntimeErrorTestSuites":1,"numTodoTests":0,"numTotalTestSuites":5,"numTotalTests":18,"openHandles":[],"snapshot":{"added":0,"didUpdate":false,"failure":false,"filesAdded":0,"filesRemoved":0,"filesRemovedList":[],"filesUnmatched":0,"filesUpdated":0,"matched":0,"total":0,"unchecked":0,"uncheckedKeysByFile":[],"unmatched":0,"updated":0},"startTime":1727059819380,"success":false,"testResults":[{"assertionResults":[{"ancestorTitles":["getLicense"],"duration":20,"failureDetails":[],"failureMessages":[],"fullName":"getLicense should return 1 when a compatible LICENSE file is found","invocations":1,"location":null,"numPassingAsserts":2,"retryReasons":[],"status":"passed","title":"should return 1 when a compatible LICENSE file is found"},{"ancestorTitles":["getLicense"],"duration":1,"failureDetails":[],"failureMessages":[],"fullName":"getLicense should return 0 when an incompatible LICENSE file is found","invocations":1,"location":null,"numPassingAsserts":1,"retryReasons":[],"status":"passed","title":"should return 0 when an incompatible LICENSE file is found"},{"ancestorTitles":["getLicense"],"duration":1,"failureDetails":[],"failureMessages":[],"fullName":"getLicense should return 0 when no LICENSE file but README contains license information","invocations":1,"location":null,"numPassingAsserts":1,"retryReasons":[],"status":"passed","title":"should return 0 when no LICENSE file but README contains license information"},{"ancestorTitles":["getLicense"],"duration":1,"failureDetails":[],"failureMessages":[],"fullName":"getLicense should return -1 when no LICENSE or README file is found","invocations":1,"location":null,"numPassingAsserts":1,"retryReasons":[],"status":"passed","title":"should return -1 when no LICENSE or README file is found"}],"endTime":1727059824090,"message":"","name":"/home/anja/Desktop/461/ACME-Project/__tests__/License.test.ts","startTime":1727059819883,"status":"passed","summary":""},{"assertionResults":[],"coverage":{},"endTime":1727059830142,"message":"  ● Test suite failed to run\n\n    \u001b[96m__tests__/main.test.ts\u001b[0m:\u001b[93m5\u001b[0m:\u001b[93m10\u001b[0m - \u001b[91merror\u001b[0m\u001b[90m TS2724: \u001b[0m'\"../src/GitHubAPIcaller\"' has no exported member named 'fetchRepositoryInfo'. Did you mean 'RepositoryInfo'?\n\n    \u001b[7m5\u001b[0m import { fetchRepositoryInfo, fetchRepositoryIssues, fetchRepositoryUsers } from '../src/GitHubAPIcaller';\n    \u001b[7m \u001b[0m \u001b[91m         ~~~~~~~~~~~~~~~~~~~\u001b[0m\n","name":"/home/anja/Desktop/461/ACME-Project/__tests__/main.test.ts","startTime":1727059830142,"status":"failed","summary":""},{"assertionResults":[{"ancestorTitles":["CalculateMetrics functions"],"duration":6,"failureDetails":[],"failureMessages":[],"fullName":"CalculateMetrics functions should calculate bus factor score correctly","invocations":1,"location":null,"numPassingAsserts":1,"retryReasons":[],"status":"passed","title":"should calculate bus factor score correctly"},{"ancestorTitles":["CalculateMetrics functions"],"duration":1,"failureDetails":[],"failureMessages":[],"fullName":"CalculateMetrics functions should calculate correctness score correctly","invocations":1,"location":null,"numPassingAsserts":1,"retryReasons":[],"status":"passed","title":"should calculate correctness score correctly"},{"ancestorTitles":["CalculateMetrics functions"],"duration":1,"failureDetails":[],"failureMessages":[],"fullName":"CalculateMetrics functions should calculate ramp-up score correctly","invocations":1,"location":null,"numPassingAsserts":2,"retryReasons":[],"status":"passed","title":"should calculate ramp-up score correctly"},{"ancestorTitles":["CalculateMetrics functions"],"duration":1,"failureDetails":[],"failureMessages":[],"fullName":"CalculateMetrics functions should calculate responsive maintainer score correctly","invocations":1,"location":null,"numPassingAsserts":1,"retryReasons":[],"status":"passed","title":"should calculate responsive maintainer score correctly"},{"ancestorTitles":["CalculateMetrics functions"],"duration":0,"failureDetails":[],"failureMessages":[],"fullName":"CalculateMetrics functions should calculate net score correctly","invocations":1,"location":null,"numPassingAsserts":1,"retryReasons":[],"status":"passed","title":"should calculate net score correctly"}],"endTime":1727059824681,"message":"","name":"/home/anja/Desktop/461/ACME-Project/__tests__/calculateMetrics.test.ts","startTime":1727059819906,"status":"passed","summary":""},{"assertionResults":[{"ancestorTitles":["GitHubAPIcaller tests"],"duration":6,"failureDetails":[],"failureMessages":[],"fullName":"GitHubAPIcaller tests should return GitHub repo URL for a valid package","invocations":1,"location":null,"numPassingAsserts":1,"retryReasons":[],"status":"passed","title":"should return GitHub repo URL for a valid package"},{"ancestorTitles":["GitHubAPIcaller tests"],"duration":0,"failureDetails":[],"failureMessages":[],"fullName":"GitHubAPIcaller tests should return null if no GitHub repo found","invocations":1,"location":null,"numPassingAsserts":1,"retryReasons":[],"status":"passed","title":"should return null if no GitHub repo found"},{"ancestorTitles":["GitHubAPIcaller tests"],"duration":3,"failureDetails":[],"failureMessages":[],"fullName":"GitHubAPIcaller tests should log an error and return null if the NPM API fails","invocations":1,"location":null,"numPassingAsserts":2,"retryReasons":[],"status":"passed","title":"should log an error and return null if the NPM API fails"}],"endTime":1727059824838,"message":"","name":"/home/anja/Desktop/461/ACME-Project/__tests__/GitHubAPIcaller.test.ts","startTime":1727059819864,"status":"passed","summary":""},{"assertionResults":[{"ancestorTitles":[],"duration":10,"failureDetails":[],"failureMessages":[],"fullName":"should calculate the correct bus factor score","invocations":1,"location":null,"numPassingAsserts":1,"retryReasons":[],"status":"passed","title":"should calculate the correct bus factor score"},{"ancestorTitles":[],"duration":1,"failureDetails":[],"failureMessages":[],"fullName":"should calculate the correct correctness score","invocations":1,"location":null,"numPassingAsserts":1,"retryReasons":[],"status":"passed","title":"should calculate the correct correctness score"},{"ancestorTitles":[],"duration":1,"failureDetails":[],"failureMessages":[],"fullName":"should calculate the correct ramp-up score","invocations":1,"location":null,"numPassingAsserts":2,"retryReasons":[],"status":"passed","title":"should calculate the correct ramp-up score"},{"ancestorTitles":[],"duration":0,"failureDetails":[],"failureMessages":[],"fullName":"should calculate the correct responsive maintainer score","invocations":1,"location":null,"numPassingAsserts":2,"retryReasons":[],"status":"passed","title":"should calculate the correct responsive maintainer score"},{"ancestorTitles":[],"duration":1,"failureDetails":[],"failureMessages":[],"fullName":"should calculate the correct license score","invocations":1,"location":null,"numPassingAsserts":0,"retryReasons":[],"status":"passed","title":"should calculate the correct license score"},{"ancestorTitles":[],"duration":0,"failureDetails":[],"failureMessages":[],"fullName":"should calculate the correct net score","invocations":1,"location":null,"numPassingAsserts":2,"retryReasons":[],"status":"passed","title":"should calculate the correct net score"}],"endTime":1727059827928,"message":"","name":"/home/anja/Desktop/461/ACME-Project/__tests__/cloudinary.test.ts","startTime":1727059819913,"status":"passed","summary":""}],"wasInterrupted":false,"coverageMap":{"/home/anja/Desktop/461/ACME-Project/src/License.ts":{"path":"/home/anja/Desktop/461/ACME-Project/src/License.ts","statementMap":{"0":{"start":{"line":10,"column":0},"end":{"line":10,"column":22}},"1":{"start":{"line":1,"column":0},"end":{"line":1,"column":25}},"2":{"start":{"line":2,"column":0},"end":{"line":2,"column":38}},"3":{"start":{"line":3,"column":0},"end":{"line":3,"column":44}},"4":{"start":{"line":4,"column":0},"end":{"line":4,"column":29}},"5":{"start":{"line":5,"column":0},"end":{"line":5,"column":30}},"6":{"start":{"line":8,"column":27},"end":{"line":8,"column":91}},"7":{"start":{"line":11,"column":21},"end":{"line":11,"column":62}},"8":{"start":{"line":13,"column":4},"end":{"line":67,"column":5}},"9":{"start":{"line":15,"column":8},"end":{"line":17,"column":9}},"10":{"start":{"line":16,"column":12},"end":{"line":16,"column":66}},"11":{"start":{"line":18,"column":8},"end":{"line":18,"column":59}},"12":{"start":{"line":20,"column":8},"end":{"line":27,"column":11}},"13":{"start":{"line":30,"column":22},"end":{"line":30,"column":46}},"14":{"start":{"line":31,"column":29},"end":{"line":31,"column":78}},"15":{"start":{"line":31,"column":48},"end":{"line":31,"column":77}},"16":{"start":{"line":32,"column":36},"end":{"line":32,"column":41}},"17":{"start":{"line":33,"column":42},"end":{"line":33,"column":46}},"18":{"start":{"line":35,"column":8},"end":{"line":50,"column":9}},"19":{"start":{"line":37,"column":35},"end":{"line":37,"column":93}},"20":{"start":{"line":38,"column":12},"end":{"line":38,"column":62}},"21":{"start":{"line":40,"column":27},"end":{"line":40,"column":75}},"22":{"start":{"line":40,"column":46},"end":{"line":40,"column":74}},"23":{"start":{"line":41,"column":12},"end":{"line":49,"column":13}},"24":{"start":{"line":43,"column":31},"end":{"line":43,"column":83}},"25":{"start":{"line":45,"column":16},"end":{"line":48,"column":17}},"26":{"start":{"line":46,"column":20},"end":{"line":46,"column":39}},"27":{"start":{"line":47,"column":20},"end":{"line":47,"column":62}},"28":{"start":{"line":53,"column":8},"end":{"line":53,"column":62}},"29":{"start":{"line":56,"column":8},"end":{"line":62,"column":9}},"30":{"start":{"line":57,"column":12},"end":{"line":57,"column":21}},"31":{"start":{"line":58,"column":15},"end":{"line":62,"column":9}},"32":{"start":{"line":59,"column":12},"end":{"line":59,"column":21}},"33":{"start":{"line":61,"column":12},"end":{"line":61,"column":22}},"34":{"start":{"line":65,"column":8},"end":{"line":65,"column":72}},"35":{"start":{"line":66,"column":8},"end":{"line":66,"column":18}},"36":{"start":{"line":72,"column":4},"end":{"line":84,"column":5}},"37":{"start":{"line":73,"column":8},"end":{"line":73,"column":21}},"38":{"start":{"line":74,"column":11},"end":{"line":84,"column":5}},"39":{"start":{"line":75,"column":8},"end":{"line":75,"column":30}},"40":{"start":{"line":76,"column":11},"end":{"line":84,"column":5}},"41":{"start":{"line":77,"column":8},"end":{"line":77,"column":30}},"42":{"start":{"line":78,"column":11},"end":{"line":84,"column":5}},"43":{"start":{"line":79,"column":8},"end":{"line":79,"column":28}},"44":{"start":{"line":80,"column":11},"end":{"line":84,"column":5}},"45":{"start":{"line":81,"column":8},"end":{"line":81,"column":25}},"46":{"start":{"line":83,"column":8},"end":{"line":83,"column":20}}},"fnMap":{"0":{"name":"getLicense","decl":{"start":{"line":10,"column":22},"end":{"line":10,"column":32}},"loc":{"start":{"line":10,"column":64},"end":{"line":68,"column":null}}},"1":{"name":"(anonymous_16)","decl":{"start":{"line":31,"column":40},"end":{"line":31,"column":44}},"loc":{"start":{"line":31,"column":48},"end":{"line":31,"column":77}}},"2":{"name":"(anonymous_17)","decl":{"start":{"line":40,"column":38},"end":{"line":40,"column":42}},"loc":{"start":{"line":40,"column":46},"end":{"line":40,"column":74}}},"3":{"name":"identifyLicenseType","decl":{"start":{"line":71,"column":9},"end":{"line":71,"column":28}},"loc":{"start":{"line":71,"column":44},"end":{"line":85,"column":1}}}},"branchMap":{"0":{"loc":{"start":{"line":15,"column":8},"end":{"line":17,"column":9}},"type":"if","locations":[{"start":{"line":15,"column":8},"end":{"line":17,"column":9}}]},"1":{"loc":{"start":{"line":35,"column":8},"end":{"line":50,"column":9}},"type":"if","locations":[{"start":{"line":35,"column":8},"end":{"line":50,"column":9}},{"start":{"line":39,"column":15},"end":{"line":50,"column":9}}]},"2":{"loc":{"start":{"line":41,"column":12},"end":{"line":49,"column":13}},"type":"if","locations":[{"start":{"line":41,"column":12},"end":{"line":49,"column":13}}]},"3":{"loc":{"start":{"line":45,"column":16},"end":{"line":48,"column":17}},"type":"if","locations":[{"start":{"line":45,"column":16},"end":{"line":48,"column":17}}]},"4":{"loc":{"start":{"line":56,"column":8},"end":{"line":62,"column":9}},"type":"if","locations":[{"start":{"line":56,"column":8},"end":{"line":62,"column":9}},{"start":{"line":58,"column":15},"end":{"line":62,"column":9}}]},"5":{"loc":{"start":{"line":56,"column":12},"end":{"line":56,"column":67}},"type":"binary-expr","locations":[{"start":{"line":56,"column":12},"end":{"line":56,"column":23}},{"start":{"line":56,"column":27},"end":{"line":56,"column":67}}]},"6":{"loc":{"start":{"line":58,"column":15},"end":{"line":62,"column":9}},"type":"if","locations":[{"start":{"line":58,"column":15},"end":{"line":62,"column":9}},{"start":{"line":60,"column":15},"end":{"line":62,"column":9}}]},"7":{"loc":{"start":{"line":58,"column":19},"end":{"line":58,"column":46}},"type":"binary-expr","locations":[{"start":{"line":58,"column":19},"end":{"line":58,"column":31}},{"start":{"line":58,"column":35},"end":{"line":58,"column":46}}]},"8":{"loc":{"start":{"line":72,"column":4},"end":{"line":84,"column":5}},"type":"if","locations":[{"start":{"line":72,"column":4},"end":{"line":84,"column":5}},{"start":{"line":74,"column":11},"end":{"line":84,"column":5}}]},"9":{"loc":{"start":{"line":74,"column":11},"end":{"line":84,"column":5}},"type":"if","locations":[{"start":{"line":74,"column":11},"end":{"line":84,"column":5}},{"start":{"line":76,"column":11},"end":{"line":84,"column":5}}]},"10":{"loc":{"start":{"line":76,"column":11},"end":{"line":84,"column":5}},"type":"if","locations":[{"start":{"line":76,"column":11},"end":{"line":84,"column":5}},{"start":{"line":78,"column":11},"end":{"line":84,"column":5}}]},"11":{"loc":{"start":{"line":78,"column":11},"end":{"line":84,"column":5}},"type":"if","locations":[{"start":{"line":78,"column":11},"end":{"line":84,"column":5}},{"start":{"line":80,"column":11},"end":{"line":84,"column":5}}]},"12":{"loc":{"start":{"line":80,"column":11},"end":{"line":84,"column":5}},"type":"if","locations":[{"start":{"line":80,"column":11},"end":{"line":84,"column":5}},{"start":{"line":82,"column":11},"end":{"line":84,"column":5}}]}},"s":{"0":1,"1":1,"2":1,"3":1,"4":1,"5":1,"6":1,"7":4,"8":4,"9":4,"10":4,"11":4,"12":4,"13":4,"14":4,"15":3,"16":4,"17":4,"18":4,"19":2,"20":2,"21":2,"22":1,"23":2,"24":1,"25":1,"26":1,"27":1,"28":4,"29":4,"30":2,"31":2,"32":1,"33":1,"34":0,"35":0,"36":3,"37":2,"38":1,"39":0,"40":1,"41":0,"42":1,"43":0,"44":1,"45":0,"46":1},"f":{"0":4,"1":3,"2":1,"3":3},"b":{"0":[4],"1":[2,2],"2":[1],"3":[1],"4":[2,2],"5":[4,2],"6":[1,1],"7":[2,1],"8":[2,1],"9":[0,1],"10":[0,1],"11":[0,1],"12":[0,1]}},"/home/anja/Desktop/461/ACME-Project/src/logger.ts":{"path":"/home/anja/Desktop/461/ACME-Project/src/logger.ts","statementMap":{"0":{"start":{"line":1,"column":0},"end":{"line":1,"column":35}},"1":{"start":{"line":2,"column":0},"end":{"line":2,"column":33}},"2":{"start":{"line":3,"column":0},"end":{"line":3,"column":16}},"3":{"start":{"line":6,"column":17},"end":{"line":6,"column":45}},"4":{"start":{"line":9,"column":16},"end":{"line":9,"column":36}},"5":{"start":{"line":11,"column":15},"end":{"line":15,"column":2}},"6":{"start":{"line":18,"column":15},"end":{"line":29,"column":2}},"7":{"start":{"line":23,"column":6},"end":{"line":23,"column":64}},"8":{"start":{"line":31,"column":0},"end":{"line":31,"column":22}}},"fnMap":{"0":{"name":"(anonymous_6)","decl":{"start":{"line":22,"column":26},"end":{"line":22,"column":27}},"loc":{"start":{"line":22,"column":60},"end":{"line":24,"column":5}}}},"branchMap":{"0":{"loc":{"start":{"line":6,"column":17},"end":{"line":6,"column":45}},"type":"binary-expr","locations":[{"start":{"line":6,"column":17},"end":{"line":6,"column":38}},{"start":{"line":6,"column":42},"end":{"line":6,"column":45}}]}},"s":{"0":1,"1":1,"2":1,"3":1,"4":1,"5":1,"6":1,"7":4,"8":1},"f":{"0":4},"b":{"0":[1,1]}},"/home/anja/Desktop/461/ACME-Project/src/CalculateMetrics.ts":{"path":"/home/anja/Desktop/461/ACME-Project/src/CalculateMetrics.ts","statementMap":{"0":{"start":{"line":5,"column":0},"end":{"line":5,"column":16}},"1":{"start":{"line":31,"column":0},"end":{"line":31,"column":16}},"2":{"start":{"line":45,"column":0},"end":{"line":45,"column":16}},"3":{"start":{"line":84,"column":0},"end":{"line":84,"column":16}},"4":{"start":{"line":113,"column":0},"end":{"line":113,"column":24}},"5":{"start":{"line":7,"column":24},"end":{"line":8,"column":null}},"6":{"start":{"line":8,"column":14},"end":{"line":8,"column":87}},"7":{"start":{"line":12,"column":29},"end":{"line":12,"column":77}},"8":{"start":{"line":12,"column":64},"end":{"line":12,"column":73}},"9":{"start":{"line":15,"column":21},"end":{"line":15,"column":41}},"10":{"start":{"line":18,"column":30},"end":{"line":18,"column":61}},"11":{"start":{"line":21,"column":35},"end":{"line":23,"column":10}},"12":{"start":{"line":22,"column":22},"end":{"line":22,"column":57}},"13":{"start":{"line":25,"column":25},"end":{"line":25,"column":62}},"14":{"start":{"line":28,"column":2},"end":{"line":28,"column":48}},"15":{"start":{"line":32,"column":22},"end":{"line":32,"column":62}},"16":{"start":{"line":33,"column":26},"end":{"line":33,"column":72}},"17":{"start":{"line":35,"column":2},"end":{"line":37,"column":3}},"18":{"start":{"line":36,"column":4},"end":{"line":36,"column":13}},"19":{"start":{"line":39,"column":22},"end":{"line":39,"column":51}},"20":{"start":{"line":42,"column":2},"end":{"line":42,"column":45}},"21":{"start":{"line":47,"column":43},"end":{"line":54,"column":48}},"22":{"start":{"line":49,"column":32},"end":{"line":50,"column":null}},"23":{"start":{"line":50,"column":8},"end":{"line":50,"column":104}},"24":{"start":{"line":50,"column":55},"end":{"line":50,"column":103}},"25":{"start":{"line":52,"column":6},"end":{"line":52,"column":78}},"26":{"start":{"line":54,"column":22},"end":{"line":54,"column":35}},"27":{"start":{"line":58,"column":2},"end":{"line":60,"column":3}},"28":{"start":{"line":59,"column":4},"end":{"line":59,"column":13}},"29":{"start":{"line":63,"column":36},"end":{"line":63,"column":38}},"30":{"start":{"line":64,"column":2},"end":{"line":67,"column":3}},"31":{"start":{"line":64,"column":14},"end":{"line":64,"column":15}},"32":{"start":{"line":65,"column":24},"end":{"line":65,"column":109}},"33":{"start":{"line":66,"column":4},"end":{"line":66,"column":48}},"34":{"start":{"line":70,"column":32},"end":{"line":70,"column":107}},"35":{"start":{"line":70,"column":69},"end":{"line":70,"column":78}},"36":{"start":{"line":73,"column":2},"end":{"line":75,"column":3}},"37":{"start":{"line":74,"column":4},"end":{"line":74,"column":13}},"38":{"start":{"line":78,"column":22},"end":{"line":78,"column":60}},"39":{"start":{"line":81,"column":2},"end":{"line":81,"column":45}},"40":{"start":{"line":86,"column":22},"end":{"line":86,"column":32}},"41":{"start":{"line":87,"column":22},"end":{"line":87,"column":32}},"42":{"start":{"line":88,"column":2},"end":{"line":88,"column":51}},"43":{"start":{"line":91,"column":23},"end":{"line":94,"column":4}},"44":{"start":{"line":92,"column":22},"end":{"line":92,"column":52}},"45":{"start":{"line":93,"column":4},"end":{"line":93,"column":36}},"46":{"start":{"line":97,"column":22},"end":{"line":97,"column":41}},"47":{"start":{"line":100,"column":25},"end":{"line":100,"column":92}},"48":{"start":{"line":100,"column":56},"end":{"line":100,"column":84}},"49":{"start":{"line":103,"column":2},"end":{"line":105,"column":3}},"50":{"start":{"line":104,"column":4},"end":{"line":104,"column":13}},"51":{"start":{"line":107,"column":31},"end":{"line":107,"column":59}},"52":{"start":{"line":110,"column":2},"end":{"line":110,"column":54}},"53":{"start":{"line":115,"column":19},"end":{"line":116,"column":39}},"54":{"start":{"line":119,"column":2},"end":{"line":119,"column":42}}},"fnMap":{"0":{"name":"calculateBusFactorScore","decl":{"start":{"line":5,"column":16},"end":{"line":5,"column":39}},"loc":{"start":{"line":5,"column":62},"end":{"line":29,"column":1}}},"1":{"name":"(anonymous_1)","decl":{"start":{"line":8,"column":4},"end":{"line":8,"column":5}},"loc":{"start":{"line":8,"column":14},"end":{"line":8,"column":87}}},"2":{"name":"(anonymous_2)","decl":{"start":{"line":12,"column":50},"end":{"line":12,"column":51}},"loc":{"start":{"line":12,"column":64},"end":{"line":12,"column":73}}},"3":{"name":"(anonymous_3)","decl":{"start":{"line":22,"column":4},"end":{"line":22,"column":5}},"loc":{"start":{"line":22,"column":22},"end":{"line":22,"column":57}}},"4":{"name":"calculateCorrectness","decl":{"start":{"line":31,"column":16},"end":{"line":31,"column":36}},"loc":{"start":{"line":31,"column":61},"end":{"line":43,"column":1}}},"5":{"name":"calculateRampUpScore","decl":{"start":{"line":45,"column":16},"end":{"line":45,"column":36}},"loc":{"start":{"line":45,"column":59},"end":{"line":82,"column":1}}},"6":{"name":"(anonymous_6)","decl":{"start":{"line":48,"column":9},"end":{"line":48,"column":10}},"loc":{"start":{"line":48,"column":18},"end":{"line":53,"column":5}}},"7":{"name":"(anonymous_7)","decl":{"start":{"line":49,"column":106},"end":{"line":49,"column":107}},"loc":{"start":{"line":50,"column":8},"end":{"line":50,"column":104}}},"8":{"name":"(anonymous_8)","decl":{"start":{"line":50,"column":37},"end":{"line":50,"column":38}},"loc":{"start":{"line":50,"column":55},"end":{"line":50,"column":103}}},"9":{"name":"(anonymous_9)","decl":{"start":{"line":54,"column":12},"end":{"line":54,"column":13}},"loc":{"start":{"line":54,"column":22},"end":{"line":54,"column":35}}},"10":{"name":"(anonymous_10)","decl":{"start":{"line":70,"column":55},"end":{"line":70,"column":56}},"loc":{"start":{"line":70,"column":69},"end":{"line":70,"column":78}}},"11":{"name":"calculateResponsiveMaintainerScore","decl":{"start":{"line":84,"column":16},"end":{"line":84,"column":50}},"loc":{"start":{"line":84,"column":75},"end":{"line":111,"column":1}}},"12":{"name":"(anonymous_12)","decl":{"start":{"line":91,"column":66},"end":{"line":91,"column":67}},"loc":{"start":{"line":91,"column":76},"end":{"line":94,"column":3}}},"13":{"name":"(anonymous_13)","decl":{"start":{"line":100,"column":45},"end":{"line":100,"column":46}},"loc":{"start":{"line":100,"column":56},"end":{"line":100,"column":84}}},"14":{"name":"calculateNetScore","decl":{"start":{"line":113,"column":24},"end":{"line":113,"column":41}},"loc":{"start":{"line":114,"column":78},"end":{"line":120,"column":1}}}},"branchMap":{"0":{"loc":{"start":{"line":35,"column":2},"end":{"line":37,"column":3}},"type":"if","locations":[{"start":{"line":35,"column":2},"end":{"line":37,"column":3}}]},"1":{"loc":{"start":{"line":52,"column":13},"end":{"line":52,"column":77}},"type":"cond-expr","locations":[{"start":{"line":52,"column":40},"end":{"line":52,"column":70}},{"start":{"line":52,"column":73},"end":{"line":52,"column":77}}]},"2":{"loc":{"start":{"line":58,"column":2},"end":{"line":60,"column":3}},"type":"if","locations":[{"start":{"line":58,"column":2},"end":{"line":60,"column":3}}]},"3":{"loc":{"start":{"line":73,"column":2},"end":{"line":75,"column":3}},"type":"if","locations":[{"start":{"line":73,"column":2},"end":{"line":75,"column":3}}]},"4":{"loc":{"start":{"line":103,"column":2},"end":{"line":105,"column":3}},"type":"if","locations":[{"start":{"line":103,"column":2},"end":{"line":105,"column":3}}]}},"s":{"0":2,"1":2,"2":2,"3":2,"4":2,"5":2,"6":12,"7":2,"8":12,"9":2,"10":2,"11":2,"12":12,"13":2,"14":2,"15":2,"16":2,"17":2,"18":0,"19":2,"20":2,"21":2,"22":12,"23":54,"24":56,"25":12,"26":12,"27":2,"28":0,"29":2,"30":2,"31":2,"32":5,"33":5,"34":2,"35":5,"36":2,"37":0,"38":2,"39":2,"40":2,"41":2,"42":2,"43":2,"44":52,"45":52,"46":2,"47":2,"48":10,"49":2,"50":0,"51":2,"52":2,"53":2,"54":2},"f":{"0":2,"1":12,"2":12,"3":12,"4":2,"5":2,"6":12,"7":54,"8":56,"9":12,"10":5,"11":2,"12":52,"13":10,"14":2},"b":{"0":[0],"1":[7,5],"2":[0],"3":[0],"4":[0]}},"/home/anja/Desktop/461/ACME-Project/src/GitHubAPIcaller.ts":{"path":"/home/anja/Desktop/461/ACME-Project/src/GitHubAPIcaller.ts","statementMap":{"0":{"start":{"line":78,"column":0},"end":{"line":78,"column":30}},"1":{"start":{"line":112,"column":0},"end":{"line":112,"column":22}},"2":{"start":{"line":151,"column":0},"end":{"line":151,"column":22}},"3":{"start":{"line":205,"column":0},"end":{"line":205,"column":22}},"4":{"start":{"line":1,"column":0},"end":{"line":1,"column":33}},"5":{"start":{"line":2,"column":0},"end":{"line":2,"column":26}},"6":{"start":{"line":5,"column":0},"end":{"line":5,"column":16}},"7":{"start":{"line":6,"column":14},"end":{"line":6,"column":38}},"8":{"start":{"line":9,"column":23},"end":{"line":9,"column":55}},"9":{"start":{"line":79,"column":16},"end":{"line":91,"column":4}},"10":{"start":{"line":93,"column":19},"end":{"line":100,"column":4}},"11":{"start":{"line":102,"column":2},"end":{"line":104,"column":3}},"12":{"start":{"line":103,"column":4},"end":{"line":103,"column":68}},"13":{"start":{"line":106,"column":33},"end":{"line":106,"column":54}},"14":{"start":{"line":108,"column":2},"end":{"line":108,"column":16}},"15":{"start":{"line":113,"column":16},"end":{"line":131,"column":4}},"16":{"start":{"line":132,"column":19},"end":{"line":139,"column":4}},"17":{"start":{"line":141,"column":2},"end":{"line":143,"column":3}},"18":{"start":{"line":142,"column":4},"end":{"line":142,"column":68}},"19":{"start":{"line":145,"column":35},"end":{"line":145,"column":56}},"20":{"start":{"line":147,"column":2},"end":{"line":147,"column":16}},"21":{"start":{"line":152,"column":16},"end":{"line":179,"column":4}},"22":{"start":{"line":181,"column":19},"end":{"line":188,"column":4}},"23":{"start":{"line":190,"column":2},"end":{"line":192,"column":3}},"24":{"start":{"line":191,"column":4},"end":{"line":191,"column":68}},"25":{"start":{"line":194,"column":34},"end":{"line":194,"column":55}},"26":{"start":{"line":196,"column":2},"end":{"line":196,"column":16}},"27":{"start":{"line":206,"column":2},"end":{"line":230,"column":3}},"28":{"start":{"line":207,"column":23},"end":{"line":207,"column":83}},"29":{"start":{"line":208,"column":26},"end":{"line":208,"column":39}},"30":{"start":{"line":210,"column":6},"end":{"line":224,"column":7}},"31":{"start":{"line":211,"column":24},"end":{"line":211,"column":50}},"32":{"start":{"line":213,"column":10},"end":{"line":219,"column":11}},"33":{"start":{"line":214,"column":14},"end":{"line":214,"column":90}},"34":{"start":{"line":215,"column":17},"end":{"line":219,"column":11}},"35":{"start":{"line":216,"column":14},"end":{"line":216,"column":72}},"36":{"start":{"line":218,"column":14},"end":{"line":218,"column":52}},"37":{"start":{"line":221,"column":10},"end":{"line":223,"column":11}},"38":{"start":{"line":222,"column":14},"end":{"line":222,"column":29}},"39":{"start":{"line":226,"column":6},"end":{"line":226,"column":18}},"40":{"start":{"line":228,"column":6},"end":{"line":228,"column":83}},"41":{"start":{"line":229,"column":6},"end":{"line":229,"column":18}}},"fnMap":{"0":{"name":"fetchRepositoryInfo","decl":{"start":{"line":78,"column":30},"end":{"line":78,"column":49}},"loc":{"start":{"line":78,"column":77},"end":{"line":109,"column":null}}},"1":{"name":"fetchRepositoryIssues","decl":{"start":{"line":112,"column":22},"end":{"line":112,"column":43}},"loc":{"start":{"line":112,"column":71},"end":{"line":148,"column":null}}},"2":{"name":"fetchRepositoryUsers","decl":{"start":{"line":151,"column":22},"end":{"line":151,"column":42}},"loc":{"start":{"line":151,"column":70},"end":{"line":197,"column":null}}},"3":{"name":"getNpmPackageGithubRepo","decl":{"start":{"line":205,"column":22},"end":{"line":205,"column":45}},"loc":{"start":{"line":205,"column":65},"end":{"line":231,"column":null}}}},"branchMap":{"0":{"loc":{"start":{"line":102,"column":2},"end":{"line":104,"column":3}},"type":"if","locations":[{"start":{"line":102,"column":2},"end":{"line":104,"column":3}}]},"1":{"loc":{"start":{"line":141,"column":2},"end":{"line":143,"column":3}},"type":"if","locations":[{"start":{"line":141,"column":2},"end":{"line":143,"column":3}}]},"2":{"loc":{"start":{"line":190,"column":2},"end":{"line":192,"column":3}},"type":"if","locations":[{"start":{"line":190,"column":2},"end":{"line":192,"column":3}}]},"3":{"loc":{"start":{"line":210,"column":6},"end":{"line":224,"column":7}},"type":"if","locations":[{"start":{"line":210,"column":6},"end":{"line":224,"column":7}}]},"4":{"loc":{"start":{"line":210,"column":10},"end":{"line":210,"column":62}},"type":"binary-expr","locations":[{"start":{"line":210,"column":10},"end":{"line":210,"column":32}},{"start":{"line":210,"column":36},"end":{"line":210,"column":62}}]},"5":{"loc":{"start":{"line":213,"column":10},"end":{"line":219,"column":11}},"type":"if","locations":[{"start":{"line":213,"column":10},"end":{"line":219,"column":11}},{"start":{"line":215,"column":17},"end":{"line":219,"column":11}}]},"6":{"loc":{"start":{"line":215,"column":17},"end":{"line":219,"column":11}},"type":"if","locations":[{"start":{"line":215,"column":17},"end":{"line":219,"column":11}},{"start":{"line":217,"column":17},"end":{"line":219,"column":11}}]},"7":{"loc":{"start":{"line":221,"column":10},"end":{"line":223,"column":11}},"type":"if","locations":[{"start":{"line":221,"column":10},"end":{"line":223,"column":11}}]}},"s":{"0":2,"1":2,"2":2,"3":2,"4":2,"5":2,"6":2,"7":2,"8":2,"9":0,"10":0,"11":0,"12":0,"13":0,"14":0,"15":1,"16":1,"17":1,"18":0,"19":1,"20":1,"21":1,"22":1,"23":1,"24":0,"25":1,"26":1,"27":3,"28":3,"29":2,"30":2,"31":2,"32":2,"33":0,"34":2,"35":0,"36":2,"37":2,"38":1,"39":1,"40":1,"41":1},"f":{"0":0,"1":1,"2":1,"3":3},"b":{"0":[0],"1":[0],"2":[0],"3":[2],"4":[2,2],"5":[0,2],"6":[0,2],"7":[1]}},"/home/anja/Desktop/461/ACME-Project/src/main.ts":{"path":"/home/anja/Desktop/461/ACME-Project/src/main.ts","statementMap":{"0":{"start":{"line":50,"column":0},"end":{"line":50,"column":22}},"1":{"start":{"line":3,"column":0},"end":{"line":3,"column":25}},"2":{"start":{"line":6,"column":0},"end":{"line":6,"column":30}},"3":{"start":{"line":8,"column":16},"end":{"line":8,"column":36}},"4":{"start":{"line":9,"column":20},"end":{"line":9,"column":44}},"5":{"start":{"line":12,"column":0},"end":{"line":19,"column":1}},"6":{"start":{"line":13,"column":2},"end":{"line":13,"column":83}},"7":{"start":{"line":14,"column":2},"end":{"line":14,"column":18}},"8":{"start":{"line":18,"column":2},"end":{"line":18,"column":74}},"9":{"start":{"line":21,"column":0},"end":{"line":21,"column":31}},"10":{"start":{"line":23,"column":27},"end":{"line":23,"column":48}},"11":{"start":{"line":24,"column":23},"end":{"line":24,"column":69}},"12":{"start":{"line":27,"column":17},"end":{"line":27,"column":51}},"13":{"start":{"line":30,"column":13},"end":{"line":33,"column":32}},"14":{"start":{"line":32,"column":14},"end":{"line":32,"column":24}},"15":{"start":{"line":33,"column":17},"end":{"line":33,"column":31}},"16":{"start":{"line":36,"column":0},"end":{"line":36,"column":null}},"17":{"start":{"line":41,"column":0},"end":{"line":41,"column":null}},"18":{"start":{"line":47,"column":0},"end":{"line":47,"column":39}},"19":{"start":{"line":51,"column":21},"end":{"line":51,"column":63}},"20":{"start":{"line":53,"column":2},"end":{"line":61,"column":3}},"21":{"start":{"line":55,"column":6},"end":{"line":55,"column":24}},"22":{"start":{"line":57,"column":6},"end":{"line":57,"column":68}},"23":{"start":{"line":60,"column":6},"end":{"line":60,"column":16}},"24":{"start":{"line":64,"column":0},"end":{"line":64,"column":34}},"25":{"start":{"line":65,"column":0},"end":{"line":163,"column":1}},"26":{"start":{"line":65,"column":13},"end":{"line":65,"column":14}},"27":{"start":{"line":67,"column":2},"end":{"line":161,"column":7}},"28":{"start":{"line":67,"column":14},"end":{"line":161,"column":4}},"29":{"start":{"line":68,"column":4},"end":{"line":160,"column":3}},"30":{"start":{"line":71,"column":23},"end":{"line":71,"column":41}},"31":{"start":{"line":76,"column":6},"end":{"line":76,"column":17}},"32":{"start":{"line":77,"column":6},"end":{"line":77,"column":22}},"33":{"start":{"line":79,"column":6},"end":{"line":96,"column":7}},"34":{"start":{"line":80,"column":8},"end":{"line":80,"column":30}},"35":{"start":{"line":81,"column":8},"end":{"line":81,"column":55}},"36":{"start":{"line":84,"column":11},"end":{"line":96,"column":7}},"37":{"start":{"line":86,"column":30},"end":{"line":86,"column":69}},"38":{"start":{"line":87,"column":8},"end":{"line":87,"column":32}},"39":{"start":{"line":89,"column":29},"end":{"line":89,"column":53}},"40":{"start":{"line":91,"column":8},"end":{"line":91,"column":34}},"41":{"start":{"line":92,"column":8},"end":{"line":92,"column":59}},"42":{"start":{"line":95,"column":8},"end":{"line":95,"column":61}},"43":{"start":{"line":105,"column":6},"end":{"line":105,"column":40}},"44":{"start":{"line":108,"column":6},"end":{"line":108,"column":32}},"45":{"start":{"line":109,"column":35},"end":{"line":109,"column":72}},"46":{"start":{"line":110,"column":6},"end":{"line":110,"column":30}},"47":{"start":{"line":111,"column":34},"end":{"line":111,"column":67}},"48":{"start":{"line":114,"column":43},"end":{"line":114,"column":87}},"49":{"start":{"line":115,"column":43},"end":{"line":115,"column":89}},"50":{"start":{"line":116,"column":43},"end":{"line":116,"column":88}},"51":{"start":{"line":120,"column":6},"end":{"line":120,"column":32}},"52":{"start":{"line":121,"column":34},"end":{"line":121,"column":68}},"53":{"start":{"line":122,"column":6},"end":{"line":122,"column":30}},"54":{"start":{"line":123,"column":34},"end":{"line":123,"column":67}},"55":{"start":{"line":126,"column":6},"end":{"line":126,"column":32}},"56":{"start":{"line":127,"column":34},"end":{"line":127,"column":66}},"57":{"start":{"line":128,"column":6},"end":{"line":128,"column":30}},"58":{"start":{"line":129,"column":34},"end":{"line":129,"column":67}},"59":{"start":{"line":132,"column":6},"end":{"line":132,"column":32}},"60":{"start":{"line":133,"column":34},"end":{"line":133,"column":65}},"61":{"start":{"line":134,"column":6},"end":{"line":134,"column":30}},"62":{"start":{"line":135,"column":34},"end":{"line":135,"column":67}},"63":{"start":{"line":138,"column":6},"end":{"line":138,"column":32}},"64":{"start":{"line":139,"column":35},"end":{"line":139,"column":81}},"65":{"start":{"line":140,"column":6},"end":{"line":140,"column":30}},"66":{"start":{"line":141,"column":42},"end":{"line":141,"column":75}},"67":{"start":{"line":144,"column":23},"end":{"line":144,"column":108}},"68":{"start":{"line":146,"column":6},"end":{"line":146,"column":38}},"69":{"start":{"line":148,"column":30},"end":{"line":148,"column":79}},"70":{"start":{"line":151,"column":26},"end":{"line":151,"column":493}},"71":{"start":{"line":153,"column":6},"end":{"line":153,"column":64}},"72":{"start":{"line":155,"column":6},"end":{"line":155,"column":49}},"73":{"start":{"line":159,"column":4},"end":{"line":159,"column":34}}},"fnMap":{"0":{"name":"(anonymous_14)","decl":{"start":{"line":32,"column":7},"end":{"line":32,"column":10}},"loc":{"start":{"line":32,"column":14},"end":{"line":32,"column":24}}},"1":{"name":"(anonymous_15)","decl":{"start":{"line":33,"column":10},"end":{"line":33,"column":13}},"loc":{"start":{"line":33,"column":17},"end":{"line":33,"column":31}}},"2":{"name":"processPackageData","decl":{"start":{"line":50,"column":22},"end":{"line":50,"column":40}},"loc":{"start":{"line":50,"column":60},"end":{"line":62,"column":null}}},"3":{"name":"(anonymous_18)","decl":{"start":{"line":67,"column":3},"end":{"line":67,"column":12}},"loc":{"start":{"line":67,"column":14},"end":{"line":161,"column":4}}},"4":{"name":"(anonymous_19)","decl":{"start":{"line":67,"column":14},"end":{"line":67,"column":null}},"loc":{"start":{"line":67,"column":14},"end":{"line":161,"column":3}}}},"branchMap":{"0":{"loc":{"start":{"line":12,"column":0},"end":{"line":19,"column":1}},"type":"if","locations":[{"start":{"line":12,"column":0},"end":{"line":19,"column":1}},{"start":{"line":17,"column":0},"end":{"line":19,"column":1}}]},"1":{"loc":{"start":{"line":12,"column":4},"end":{"line":12,"column":38}},"type":"binary-expr","locations":[{"start":{"line":12,"column":4},"end":{"line":12,"column":17}},{"start":{"line":12,"column":21},"end":{"line":12,"column":38}}]},"2":{"loc":{"start":{"line":24,"column":23},"end":{"line":24,"column":69}},"type":"cond-expr","locations":[{"start":{"line":24,"column":47},"end":{"line":24,"column":60}},{"start":{"line":24,"column":63},"end":{"line":24,"column":69}}]},"3":{"loc":{"start":{"line":53,"column":2},"end":{"line":61,"column":3}},"type":"if","locations":[{"start":{"line":53,"column":2},"end":{"line":61,"column":3}},{"start":{"line":56,"column":9},"end":{"line":61,"column":3}}]},"4":{"loc":{"start":{"line":79,"column":6},"end":{"line":96,"column":7}},"type":"if","locations":[{"start":{"line":79,"column":6},"end":{"line":96,"column":7}},{"start":{"line":84,"column":11},"end":{"line":96,"column":7}}]},"5":{"loc":{"start":{"line":84,"column":11},"end":{"line":96,"column":7}},"type":"if","locations":[{"start":{"line":84,"column":11},"end":{"line":96,"column":7}},{"start":{"line":94,"column":10},"end":{"line":96,"column":7}}]}},"s":{"0":0,"1":0,"2":0,"3":0,"4":0,"5":0,"6":0,"7":0,"8":0,"9":0,"10":0,"11":0,"12":0,"13":0,"14":0,"15":0,"16":0,"17":0,"18":0,"19":0,"20":0,"21":0,"22":0,"23":0,"24":0,"25":0,"26":0,"27":0,"28":0,"29":0,"30":0,"31":0,"32":0,"33":0,"34":0,"35":0,"36":0,"37":0,"38":0,"39":0,"40":0,"41":0,"42":0,"43":0,"44":0,"45":0,"46":0,"47":0,"48":0,"49":0,"50":0,"51":0,"52":0,"53":0,"54":0,"55":0,"56":0,"57":0,"58":0,"59":0,"60":0,"61":0,"62":0,"63":0,"64":0,"65":0,"66":0,"67":0,"68":0,"69":0,"70":0,"71":0,"72":0,"73":0},"f":{"0":0,"1":0,"2":0,"3":0,"4":0},"b":{"0":[0,0],"1":[0,0],"2":[0,0],"3":[0,0],"4":[0,0],"5":[0,0]}}}}
